2023-07-03 17:40:01.955 | ERROR    | SpiderClass:inner:83 - Traceback (most recent call last):
  File "E:\Simlpe_spider\SpiderClass.py", line 53, in inner
    response = function(*args, **kwargs)
  File "E:\Simlpe_spider\SpiderClass.py", line 209, in request_api_back_queue
    api_response = session.get(request_url, headers=headers, timeout=15)
  File "C:\Python37\lib\site-packages\requests\sessions.py", line 602, in get
    return self.request("GET", url, **kwargs)
  File "C:\Python37\lib\site-packages\requests\sessions.py", line 575, in request
    prep = self.prepare_request(req)
  File "C:\Python37\lib\site-packages\requests\sessions.py", line 498, in prepare_request
    hooks=merge_hooks(request.hooks, self.hooks),
  File "C:\Python37\lib\site-packages\requests\models.py", line 368, in prepare
    self.prepare_url(url, params)
  File "C:\Python37\lib\site-packages\requests\models.py", line 440, in prepare_url
    f"Invalid URL {url!r}: No scheme supplied. "
requests.exceptions.MissingSchema: Invalid URL 'None': No scheme supplied. Perhaps you meant https://None?

2023-07-03 17:40:01.956 | ERROR    | __main__:analysis_details_page:59 - 请求失败： None
2023-07-03 17:41:34.254 | INFO     | __main__:run:30 - 百度热搜电影爬取！！！！！！！！！！！！！！！！！！！！！！！！！！！！！！！！！！！！！！！！！！！！！！！！！
2023-07-03 17:41:34.406 | INFO     | __main__:analysis_list_page:90 - 详情页入队列： {'name': '  消失的她 ', 'type': ' 类型：犯罪 ', 'actor': ' 演员：朱一龙、倪妮 ', 'introduction': ' 何非(朱一龙 饰)的妻子李木子(文咏珊 饰)在结婚周年旅行中离奇消失,在何非苦寻无果之时妻子再次现身,何非却坚称眼前的陌生女人并非妻子,妻子拿出了身份证明进行自证,金牌律师陈麦(倪妮 饰)介入到这起离奇案件当中,更多的谜团慢慢浮现 ', 'detail_href': 'https://www.baidu.com/s?wd=%E6%B6%88%E5%A4%B1%E7%9A%84%E5%A5%B9+%E7%94%B5%E5%BD%B1&sa=fyb_movie_all_all&rsv_dl=fyb_movie_all_all'}
2023-07-03 17:41:34.407 | INFO     | __main__:analysis_list_page:90 - 详情页入队列： {'name': '  变形金刚 ', 'type': ' 类型：动作、科幻 ', 'actor': ' 演员：安东尼·拉莫斯、多米尼克·菲什巴克 ', 'introduction': ' Anthony Ramos扮演男主,是一位不完美且脆弱的英雄,他曾犯过错,渴望在擎天柱的帮助下来救赎自己。Dominique Fishback将扮演女主。一部设定在1994年的纽约和秘鲁,并介绍新的军团巨无霸、原始兽和龙头部队! ', 'detail_href': 'https://www.baidu.com/s?wd=%E5%8F%98%E5%BD%A2%E9%87%91%E5%88%9A+%E7%94%B5%E5%BD%B1&sa=fyb_movie_all_all&rsv_dl=fyb_movie_all_all'}
2023-07-03 17:41:34.408 | INFO     | __main__:analysis_list_page:90 - 详情页入队列： {'name': '  八角笼中 ', 'type': ' 类型：剧情、动作 ', 'actor': ' 演员：王宝强、陈永胜 ', 'introduction': ' 故事讲述了主人公倾注心血想把当地无人照料的孤儿培养成真正的格斗运动员。这让生活本没有出路的孩子们看到了一丝通向未来的曙光。然而,随着往日表演格斗的视频被爆出,这些“残忍、血腥”的画面刺激了不明真相的人们的神经。一夜之间,舆论开始发酵。主人公的生活、孤儿们的前途都陷入到人们以善良为名编织的大网中,让他们难以挣脱,重回泥沼,关于未来,他们的“出路”又将在哪 ', 'detail_href': 'https://www.baidu.com/s?wd=%E5%85%AB%E8%A7%92%E7%AC%BC%E4%B8%AD+%E7%94%B5%E5%BD%B1&sa=fyb_movie_all_all&rsv_dl=fyb_movie_all_all'}
2023-07-03 17:41:34.408 | INFO     | __main__:analysis_list_page:90 - 详情页入队列： {'name': '  速度与激情10 ', 'type': ' 类型：动作、惊悚 ', 'actor': ' 演员：范·迪塞尔、米歇尔·罗德里格兹 ', 'introduction': ' 《速度与激情10》是路易斯·莱特里尔执导的动作片，这部电影会为整个《速度与激情》系列画上句号。该片于2023年5月19日在北美上映。范·迪塞尔接受《Total Film》杂志采访透露，在拍摄《速度与激情9》之前就已经开始规划第10部大结局了。不过考虑为了回馈环球影业，也为了满足粉丝，第10部可能拆分为两部影片来完结。 ', 'detail_href': 'https://www.baidu.com/s?wd=%E9%80%9F%E5%BA%A6%E4%B8%8E%E6%BF%80%E6%83%8510+%E7%94%B5%E5%BD%B1&sa=fyb_movie_all_all&rsv_dl=fyb_movie_all_all'}
2023-07-03 17:41:34.409 | INFO     | __main__:analysis_list_page:90 - 详情页入队列： {'name': '  满江红 ', 'type': ' 类型：剧情、喜剧 ', 'actor': ' 演员：沈腾、易烊千玺 ', 'introduction': ' 《满江红》是由陈宇、张艺谋编剧的电影。 ', 'detail_href': 'https://www.baidu.com/s?wd=%E6%BB%A1%E6%B1%9F%E7%BA%A2+%E7%94%B5%E5%BD%B1&sa=fyb_movie_all_all&rsv_dl=fyb_movie_all_all'}
2023-07-03 17:41:34.410 | INFO     | __main__:analysis_list_page:90 - 详情页入队列： {'name': '  地狱尖兵 ', 'type': ' 类型：战争 ', 'actor': ' 演员：阿列克谢·克拉夫琴科、乔治·博洛涅夫 ', 'introduction': ' 在一名呼啸山庄战士的带领下,冲锋队面临着一项艰巨的任务:控制市中心的高楼大厦。坦克和装甲运兵车本应让任务变得轻松,但被大型迫击炮和无人机所掩盖的激烈抵抗却削弱了攻击的优势。战斗水平不断上升,远程炮兵发出了强有力的声音,任务一步一步地解决了。除了越来越少的人在靶场,当敌人决定摧毁高楼大厦时,任务似乎根本不可能完成。 ', 'detail_href': 'https://www.baidu.com/s?wd=%E5%9C%B0%E7%8B%B1%E5%B0%96%E5%85%B5+%E7%94%B5%E5%BD%B1&sa=fyb_movie_all_all&rsv_dl=fyb_movie_all_all'}
2023-07-03 17:41:34.413 | INFO     | __main__:analysis_list_page:90 - 详情页入队列： {'name': '  长空之王 ', 'type': ' 类型：剧情、动作 ', 'actor': ' 演员：王一博、胡军 ', 'introduction': ' 讲述了雷宇等飞行员经过严苛选拔正式成为了中国新一代试飞员，他们在队长张挺的带领下参与到尖端新式战斗机的试飞工作中，在不断挑战战机和自我极限的过程中成长的故事 ', 'detail_href': 'https://www.baidu.com/s?wd=%E9%95%BF%E7%A9%BA%E4%B9%8B%E7%8E%8B+%E7%94%B5%E5%BD%B1&sa=fyb_movie_all_all&rsv_dl=fyb_movie_all_all'}
2023-07-03 17:41:34.414 | INFO     | __main__:analysis_list_page:90 - 详情页入队列： {'name': '  毒舌律师 ', 'type': ' 类型：剧情 ', 'actor': ' 演员：黄子华、谢君豪 ', 'introduction': ' 一宗国际名模涉嫌虐待女儿的冤案，竟成了法律界、权贵与名媛之间的角力场!社会金字塔顶层的钟氏家族，如何用尽权力与资源去自保？以林凉水(黄子华 饰)为代表的律师们又如何在重重困难下伸张正义？ ', 'detail_href': 'https://www.baidu.com/s?wd=%E6%AF%92%E8%88%8C%E5%BE%8B%E5%B8%88+%E7%94%B5%E5%BD%B1&sa=fyb_movie_all_all&rsv_dl=fyb_movie_all_all'}
2023-07-03 17:41:34.414 | INFO     | __main__:analysis_list_page:90 - 详情页入队列： {'name': '  人生路不熟 ', 'type': ' 类型：剧情 ', 'actor': ' 演员：乔杉、范丞丞 ', 'introduction': ' 一家四口意外开启一段有笑有泪的卡车之旅!卡车司机周东海(乔杉 饰)非常不看好准女婿万一帆(范丞丞 饰),为讨未来岳父欢心,万一帆越努力越“翻车”,准岳母霍梅梅(马丽 饰)和女儿周微雨(张婧仪 饰)也为调解这对冤家费尽心思。倒霉不断的万一帆,能否在旅途中通过未来岳父周东海的种种考验 ', 'detail_href': 'https://www.baidu.com/s?wd=%E4%BA%BA%E7%94%9F%E8%B7%AF%E4%B8%8D%E7%86%9F+%E7%94%B5%E5%BD%B1&sa=fyb_movie_all_all&rsv_dl=fyb_movie_all_all'}
2023-07-03 17:41:34.416 | INFO     | __main__:analysis_list_page:90 - 详情页入队列： {'name': '  闪电侠 ', 'type': ' 类型：剧情、动作 ', 'actor': ' 演员：埃兹拉·米勒、朗·里维斯顿 ', 'introduction': ' 超级快的英雄闪电侠穿越到一个时间轴，在那里地球处于混乱之中，它的英雄们迷失和分散。把事情做对是他的责任。 ', 'detail_href': 'https://www.baidu.com/s?wd=%E9%97%AA%E7%94%B5%E4%BE%A0+%E7%94%B5%E5%BD%B1&sa=fyb_movie_all_all&rsv_dl=fyb_movie_all_all'}
2023-07-03 17:41:34.417 | INFO     | __main__:analysis_list_page:90 - 详情页入队列： {'name': '  流浪地球2 ', 'type': ' 类型：科幻 ', 'actor': ' 演员：吴京、刘德华 ', 'introduction': ' 《流浪地球2》是由郭帆执导，刘慈欣监制，吴京、刘德华等主演的科幻灾难电影，该片于2023年1月22日在中国大陆上映。该片根据刘慈欣同名小说改编，是《流浪地球》的前传，以提出计划将建造1万座行星发动机的时代为背景，讲述了“太阳危机”即将来袭，世界危在旦夕，人类文明的延续将面临巨大挑战的故事。 ', 'detail_href': 'https://www.baidu.com/s?wd=%E6%B5%81%E6%B5%AA%E5%9C%B0%E7%90%832+%E7%94%B5%E5%BD%B1&sa=fyb_movie_all_all&rsv_dl=fyb_movie_all_all'}
2023-07-03 17:41:34.417 | INFO     | __main__:analysis_list_page:90 - 详情页入队列： {'name': '  蝙蝠侠 ', 'type': ' 类型：剧情、动作 ', 'actor': ' 演员：罗伯特·帕丁森、佐伊·克拉维兹 ', 'introduction': ' 《新蝙蝠侠》由马特·里夫斯执导，罗伯特·帕丁森饰蝙蝠侠，佐伊·克拉维兹饰猫女，保罗·达诺饰谜语人，杰弗里·怀特饰戈登警长，安迪·瑟金斯饰管家阿尔弗雷德，科林·法瑞尔饰企鹅人，约翰·特托罗饰哥谭黑帮头目卡迈因·法尔科内，彼得·萨斯加德饰一名哥谭地区检察官。 ', 'detail_href': 'https://www.baidu.com/s?wd=%E8%9D%99%E8%9D%A0%E4%BE%A0+%E7%94%B5%E5%BD%B1&sa=fyb_movie_all_all&rsv_dl=fyb_movie_all_all'}
2023-07-03 17:41:34.429 | INFO     | __main__:analysis_list_page:90 - 详情页入队列： {'name': '  灌篮高手 ', 'type': ' 类型：动画 ', 'actor': ' 演员：宫原直树、北田胜彦 ', 'introduction': ' 「The First Slam Dunk」是《灌篮高手》首部大电影，也是最后一部！弥补青春遗憾的机会只此一次！宫城良田、三井寿、流川枫、樱木花道和赤木刚宪终于站在全国大赛的赛场，代表湘北高中与日本最强球队山王工业展开激烈对决。面对强大的对手，湘北五人组没有退缩，在安西教练的指导下，他们抱着破釜沉舟的决心热血奋战，究竟湘北能否取得比赛的最终胜利？承载好几代人热血梦想的全国大赛即将开赛，巅峰之战，就此一决！27年的等待即将划上完美句点，是时候跟自己的青春道别了！ ', 'detail_href': 'https://www.baidu.com/s?wd=%E7%81%8C%E7%AF%AE%E9%AB%98%E6%89%8B+%E7%94%B5%E5%BD%B1&sa=fyb_movie_all_all&rsv_dl=fyb_movie_all_all'}
2023-07-03 17:41:34.430 | INFO     | __main__:analysis_list_page:90 - 详情页入队列： {'name': '  了不起的夜晚 ', 'type': ' 类型：剧情、惊悚 ', 'actor': ' 演员：范丞丞、蒋龙 ', 'introduction': ' 一心想要红的短视频“达人”豹子面临公司倒闭和支付赔偿金的双重困境,合伙人狗子和猴子也提出要散伙。三兄弟因一个特殊邀约来到惊悚片剧组进行偷拍,打算干好“最后一票”。不料,他们居然拍到剧组女主角发生意外的独家画面!三兄弟随机应变继续偷拍,却没想到一连串的惊声尖笑愈演愈烈 ', 'detail_href': 'https://www.baidu.com/s?wd=%E4%BA%86%E4%B8%8D%E8%B5%B7%E7%9A%84%E5%A4%9C%E6%99%9A+%E7%94%B5%E5%BD%B1&sa=fyb_movie_all_all&rsv_dl=fyb_movie_all_all'}
2023-07-03 17:41:34.431 | INFO     | __main__:analysis_list_page:90 - 详情页入队列： {'name': '  疯狂元素城 ', 'type': ' 类型：科幻、动画 ', 'actor': ' 演员：莉娅·刘易斯、马莫多·阿西 ', 'introduction': ' 皮克斯打造全新原创力作《疯狂元素城》,在这个水、火、土、气四大元素共同生活的奇妙城市里,将会上演怎样“水火相容”的惊喜邂逅。影片将于2023年6月16日全球献映,敬请期待。 ', 'detail_href': 'https://www.baidu.com/s?wd=%E7%96%AF%E7%8B%82%E5%85%83%E7%B4%A0%E5%9F%8E+%E7%94%B5%E5%BD%B1&sa=fyb_movie_all_all&rsv_dl=fyb_movie_all_all'}
2023-07-03 17:41:34.431 | INFO     | __main__:analysis_list_page:90 - 详情页入队列： {'name': '  再见，士兵 ', 'type': ' 类型：剧情 ', 'actor': ' 演员：金瀚、宁桓宇 ', 'introduction': ' 《再见，士兵》又名风中的迷彩，是由肖洋监制、胡小毅编剧执导，金瀚、宁桓宇、李春嫒、贺宇强等人主演的退役军人题材院线电影。该片围绕三名90后退役军人为了兑现曾在军队约定的承诺，相互救赎而重组乐队的故事。 ', 'detail_href': 'https://www.baidu.com/s?wd=%E5%86%8D%E8%A7%81%EF%BC%8C%E5%A3%AB%E5%85%B5+%E7%94%B5%E5%BD%B1&sa=fyb_movie_all_all&rsv_dl=fyb_movie_all_all'}
2023-07-03 17:41:34.432 | INFO     | __main__:analysis_list_page:90 - 详情页入队列： {'name': '  银河护卫队3 ', 'type': ' 类型：动作、科幻 ', 'actor': ' 演员：克里斯·帕拉特、佐伊·索尔达娜 ', 'introduction': ' 《银河护卫队3》是漫威影业出品、华特·迪士尼电影公司发行的科幻动作冒险电影，由克里斯·帕拉特、佐伊·索尔达娜主演，定于2023年5月5日上映。该片是银河护卫队系列的第三部电影，也是漫威电影宇宙的第五阶段的作品。 ', 'detail_href': 'https://www.baidu.com/s?wd=%E9%93%B6%E6%B2%B3%E6%8A%A4%E5%8D%AB%E9%98%9F3+%E7%94%B5%E5%BD%B1&sa=fyb_movie_all_all&rsv_dl=fyb_movie_all_all'}
2023-07-03 17:41:34.433 | INFO     | __main__:analysis_list_page:90 - 详情页入队列： {'name': '  复仇者联盟 ', 'type': ' 类型：剧情、科幻 ', 'actor': ' 演员：克里斯·海姆斯沃斯、本尼迪克特·康伯巴奇 ', 'introduction': '   ', 'detail_href': None}
2023-07-03 17:41:34.444 | INFO     | __main__:analysis_list_page:90 - 详情页入队列： {'name': '  ai创世者 ', 'type': ' 类型：剧情、惊悚 ', 'actor': ' 演员：约翰·大卫·华盛顿、嘉玛·陈 ', 'introduction': ' 人工智能投放的核弹大大损害了人类世界,开始被人类追杀的十年后,如今的生存状态非常残酷,而一名人类士兵发现了一个半人半AI的孩子,她被认为是赢得与AI的战争的关键 ', 'detail_href': 'https://www.baidu.com/s?wd=ai%E5%88%9B%E4%B8%96%E8%80%85+%E7%94%B5%E5%BD%B1&sa=fyb_movie_all_all&rsv_dl=fyb_movie_all_all'}
2023-07-03 17:41:34.445 | INFO     | __main__:analysis_list_page:90 - 详情页入队列： {'name': '  龙马精神 ', 'type': ' 类型：动作、剧情 ', 'actor': ' 演员：成龙、刘浩存 ', 'introduction': ' 《龙马精神》是由杨子编剧、执导，成龙、刘浩存、郭麒麟领衔主演，吴京、小沈阳主演的剧情喜剧动作电影。该片将聚焦一代龙虎武师的故事，成龙将与这匹骏马上演别样“父子情”。该片于2022年12月31日在中国大陆上映。 ', 'detail_href': 'https://www.baidu.com/s?wd=%E9%BE%99%E9%A9%AC%E7%B2%BE%E7%A5%9E+%E7%94%B5%E5%BD%B1&sa=fyb_movie_all_all&rsv_dl=fyb_movie_all_all'}
2023-07-03 17:41:34.445 | INFO     | __main__:analysis_list_page:90 - 详情页入队列： {'name': '  学爸 ', 'type': ' 类型：剧情 ', 'actor': ' 演员：黄渤、闫妮 ', 'introduction': ' 《学爸》是是由苏亮编剧并执导，黄渤、闫妮领衔主演，张钧甯、张子贤、单禹豪主演，万茜特别出演的电影。该片是黄渤“HB+U”新导演助力计划的一部作品。2023年8月18日，《学爸》定档上映。 ', 'detail_href': 'https://www.baidu.com/s?wd=%E5%AD%A6%E7%88%B8+%E7%94%B5%E5%BD%B1&sa=fyb_movie_all_all&rsv_dl=fyb_movie_all_all'}
2023-07-03 17:41:34.446 | INFO     | __main__:analysis_list_page:90 - 详情页入队列： {'name': '  犯罪都市3 ', 'type': ' 类型：动作、犯罪 ', 'actor': ' 演员：马东锡、李浚赫 ', 'introduction': ' 讲述了调职到广域搜查队的“马锡道”刑警和新的团队展开的犯罪扫荡作战故事,由第2部的李相龙导演执导,李浚赫饰演反派。 ', 'detail_href': 'https://www.baidu.com/s?wd=%E7%8A%AF%E7%BD%AA%E9%83%BD%E5%B8%823+%E7%94%B5%E5%BD%B1&sa=fyb_movie_all_all&rsv_dl=fyb_movie_all_all'}
2023-07-03 17:41:34.447 | INFO     | __main__:analysis_list_page:90 - 详情页入队列： {'name': '  你好，鸽先生 ', 'type': ' 类型：励志轻喜剧 ', 'actor': ' 演员：李卓霖、王一 ', 'introduction': ' 电影《你好，鸽先生》是刘泳辰执导，李卓霖，王一，崔宝月领衔主演，该片于2022年4月在大陆上映。电影《你好,鸽先生》主要讲述了赛鸽冠军高建鹏在备战新一届信鸽比赛时,突遇发小杨步成的挑战。高建鹏深知杨步成是一个从来没有养过鸽子、也没参加过鸽赛的小白,但他却表现的信心满满,随着比赛的临近,高建鹏发现,事情远远没有那么简单。首部养鸽，赛鸽题材的院线电影，由真人真事改编，养鸽人参加鸽赛的故事。 ', 'detail_href': 'https://www.baidu.com/s?wd=%E4%BD%A0%E5%A5%BD%EF%BC%8C%E9%B8%BD%E5%85%88%E7%94%9F+%E7%94%B5%E5%BD%B1&sa=fyb_movie_all_all&rsv_dl=fyb_movie_all_all'}
2023-07-03 17:41:34.448 | INFO     | __main__:analysis_list_page:90 - 详情页入队列： {'name': '  你好，恩师 ', 'type': ' 类型：爱国、教育 ', 'actor': ' 演员：李倩、保剑锋 ', 'introduction': ' 《你好，恩师》是由邓安东执导，李倩、保剑锋领衔主演，刘仪伟、李菁、郝劭文、王莎莎、王恩卓等主演的爱国教育励志题材电影，预计将于2023年“暑期档”登陆全国院线。该片根据真实的新闻故事改编而成，讲述了20世纪90年代初人民教师李丽华怀揣着“塑造道德人格“的育人核心，在凤栖山村支教的故事。 ', 'detail_href': 'https://www.baidu.com/s?wd=%E4%BD%A0%E5%A5%BD%EF%BC%8C%E6%81%A9%E5%B8%88+%E7%94%B5%E5%BD%B1&sa=fyb_movie_all_all&rsv_dl=fyb_movie_all_all'}
2023-07-03 17:41:34.459 | INFO     | __main__:analysis_list_page:90 - 详情页入队列： {'name': '  河神·诡水怪谈 ', 'type': ' 类型：动作、犯罪 ', 'actor': ' 演员：谢苗、衣云鹤 ', 'introduction': '   ', 'detail_href': None}
2023-07-03 17:41:34.460 | INFO     | __main__:analysis_list_page:90 - 详情页入队列： {'name': '  铃芽之旅 ', 'type': ' 类型：动画、爱情 ', 'actor': ' 演员：原菜乃华、松村北斗 ', 'introduction': ' 故事讲述生活在日本九州田舍的17岁少女铃芽遇见了为了寻找“门”而踏上旅途的青年。追随着青年的脚步,铃芽来到了山上一片废墟之地,在这里静静伫立着一扇古老的门,仿佛是坍塌中存留的唯一遗迹。铃芽仿佛被什么吸引了一般,将手伸向了那扇门 不久之后,日本各地的门开始一扇一扇地打开。据说,开着的门必须关上,否则灾祸将会从门的那一边降临于现世。 ', 'detail_href': 'https://www.baidu.com/s?wd=%E9%93%83%E8%8A%BD%E4%B9%8B%E6%97%85+%E7%94%B5%E5%BD%B1&sa=fyb_movie_all_all&rsv_dl=fyb_movie_all_all'}
2023-07-03 17:41:34.460 | INFO     | __main__:analysis_list_page:90 - 详情页入队列： {'name': '  人生大事 ', 'type': ' 类型：剧情 ', 'actor': ' 演员：朱一龙、王戈 ', 'introduction': ' 《人生大事》是由韩延监制，刘江江编剧并执导，朱一龙领衔主演，杨恩又特别介绍出演，王戈特邀主演，刘陆、罗京民主演的电影，该片于2022年6月24日上映。该片讲述刑满释放的殡葬师三哥在一次出殡中遇见了孤儿武小文，意外地改变了三哥对职业和生活态度的故事。 ', 'detail_href': 'https://www.baidu.com/s?wd=%E4%BA%BA%E7%94%9F%E5%A4%A7%E4%BA%8B+%E7%94%B5%E5%BD%B1&sa=fyb_movie_all_all&rsv_dl=fyb_movie_all_all'}
2023-07-03 17:41:34.461 | INFO     | __main__:analysis_list_page:90 - 详情页入队列： {'name': '  太棒了 ', 'type': ' 类型：喜剧 ', 'actor': ' 演员：玛琳娜·佛伊丝、乔纳森·科恩 ', 'introduction': ' 《太棒了》是由索菲·勒图讷尔执导，玛琳娜·佛伊丝、乔纳森·科恩主演的电影。入选法国权威电影杂志《电影手册》评选出的2020年度“十佳电影”。 ', 'detail_href': 'https://www.baidu.com/s?wd=%E5%A4%AA%E6%A3%92%E4%BA%86+%E7%94%B5%E5%BD%B1&sa=fyb_movie_all_all&rsv_dl=fyb_movie_all_all'}
2023-07-03 17:41:34.461 | INFO     | __main__:analysis_list_page:90 - 详情页入队列： {'name': '  疾速追杀4 ', 'type': ' 类型：动作、惊悚 ', 'actor': ' 演员：基努·里维斯、甄子丹 ', 'introduction': ' 《疾速追杀4》是由查德·斯塔尔斯基执导，基努·里维斯、泽山璃奈、甄子丹主演的动作惊悚片，将于2023年的3月24日在美国上映。 ', 'detail_href': 'https://www.baidu.com/s?wd=%E7%96%BE%E9%80%9F%E8%BF%BD%E6%9D%804+%E7%94%B5%E5%BD%B1&sa=fyb_movie_all_all&rsv_dl=fyb_movie_all_all'}
2023-07-03 17:41:34.462 | INFO     | __main__:analysis_list_page:90 - 详情页入队列： {'name': '  我爱你! ', 'type': ' 类型：剧情、爱情 ', 'actor': ' 演员：倪大红、惠英红 ', 'introduction': ' 赋闲在家的老头常为戒偶遇收废品的老太李慧如。他们的前半生经历遗憾,常为戒不懂表达情感,直到妻子病逝才追悔莫及。李慧如早年离开家乡,配偶离世后在城市中孤单飘摇。他们互相扶持,悸动悄然降临。 ', 'detail_href': 'https://www.baidu.com/s?wd=%E6%88%91%E7%88%B1%E4%BD%A0%21+%E7%94%B5%E5%BD%B1&sa=fyb_movie_all_all&rsv_dl=fyb_movie_all_all'}
2023-07-03 17:41:38.366 | ERROR    | SpiderClass:inner:83 - Traceback (most recent call last):
  File "E:\Simlpe_spider\SpiderClass.py", line 53, in inner
    response = function(*args, **kwargs)
  File "E:\Simlpe_spider\SpiderClass.py", line 209, in request_api_back_queue
    api_response = session.get(request_url, headers=headers, timeout=15)
  File "C:\Python37\lib\site-packages\requests\sessions.py", line 602, in get
    return self.request("GET", url, **kwargs)
  File "C:\Python37\lib\site-packages\requests\sessions.py", line 575, in request
    prep = self.prepare_request(req)
  File "C:\Python37\lib\site-packages\requests\sessions.py", line 498, in prepare_request
    hooks=merge_hooks(request.hooks, self.hooks),
  File "C:\Python37\lib\site-packages\requests\models.py", line 368, in prepare
    self.prepare_url(url, params)
  File "C:\Python37\lib\site-packages\requests\models.py", line 440, in prepare_url
    f"Invalid URL {url!r}: No scheme supplied. "
requests.exceptions.MissingSchema: Invalid URL 'None': No scheme supplied. Perhaps you meant https://None?

2023-07-03 17:41:38.367 | ERROR    | __main__:analysis_details_page:59 - 请求失败： None
2023-07-03 17:41:42.668 | ERROR    | SpiderClass:inner:83 - Traceback (most recent call last):
  File "E:\Simlpe_spider\SpiderClass.py", line 53, in inner
    response = function(*args, **kwargs)
  File "E:\Simlpe_spider\SpiderClass.py", line 209, in request_api_back_queue
    api_response = session.get(request_url, headers=headers, timeout=15)
  File "C:\Python37\lib\site-packages\requests\sessions.py", line 602, in get
    return self.request("GET", url, **kwargs)
  File "C:\Python37\lib\site-packages\requests\sessions.py", line 575, in request
    prep = self.prepare_request(req)
  File "C:\Python37\lib\site-packages\requests\sessions.py", line 498, in prepare_request
    hooks=merge_hooks(request.hooks, self.hooks),
  File "C:\Python37\lib\site-packages\requests\models.py", line 368, in prepare
    self.prepare_url(url, params)
  File "C:\Python37\lib\site-packages\requests\models.py", line 440, in prepare_url
    f"Invalid URL {url!r}: No scheme supplied. "
requests.exceptions.MissingSchema: Invalid URL 'None': No scheme supplied. Perhaps you meant https://None?

2023-07-03 17:41:42.669 | ERROR    | __main__:analysis_details_page:59 - 请求失败： None
2023-07-03 17:42:55.905 | INFO     | __main__:run:30 - 百度热搜电影爬取！！！！！！！！！！！！！！！！！！！！！！！！！！！！！！！！！！！！！！！！！！！！！！！！！
2023-07-03 17:42:56.042 | INFO     | __main__:analysis_list_page:90 - 详情页入队列： {'name': '  消失的她 ', 'type': ' 类型：犯罪 ', 'actor': ' 演员：朱一龙、倪妮 ', 'introduction': ' 何非(朱一龙 饰)的妻子李木子(文咏珊 饰)在结婚周年旅行中离奇消失,在何非苦寻无果之时妻子再次现身,何非却坚称眼前的陌生女人并非妻子,妻子拿出了身份证明进行自证,金牌律师陈麦(倪妮 饰)介入到这起离奇案件当中,更多的谜团慢慢浮现 ', 'detail_href': 'https://www.baidu.com/s?wd=%E6%B6%88%E5%A4%B1%E7%9A%84%E5%A5%B9+%E7%94%B5%E5%BD%B1&sa=fyb_movie_all_all&rsv_dl=fyb_movie_all_all'}
2023-07-03 17:42:56.043 | INFO     | __main__:analysis_list_page:90 - 详情页入队列： {'name': '  变形金刚 ', 'type': ' 类型：动作、科幻 ', 'actor': ' 演员：安东尼·拉莫斯、多米尼克·菲什巴克 ', 'introduction': ' Anthony Ramos扮演男主,是一位不完美且脆弱的英雄,他曾犯过错,渴望在擎天柱的帮助下来救赎自己。Dominique Fishback将扮演女主。一部设定在1994年的纽约和秘鲁,并介绍新的军团巨无霸、原始兽和龙头部队! ', 'detail_href': 'https://www.baidu.com/s?wd=%E5%8F%98%E5%BD%A2%E9%87%91%E5%88%9A+%E7%94%B5%E5%BD%B1&sa=fyb_movie_all_all&rsv_dl=fyb_movie_all_all'}
2023-07-03 17:42:56.044 | INFO     | __main__:analysis_list_page:90 - 详情页入队列： {'name': '  八角笼中 ', 'type': ' 类型：剧情、动作 ', 'actor': ' 演员：王宝强、陈永胜 ', 'introduction': ' 故事讲述了主人公倾注心血想把当地无人照料的孤儿培养成真正的格斗运动员。这让生活本没有出路的孩子们看到了一丝通向未来的曙光。然而,随着往日表演格斗的视频被爆出,这些“残忍、血腥”的画面刺激了不明真相的人们的神经。一夜之间,舆论开始发酵。主人公的生活、孤儿们的前途都陷入到人们以善良为名编织的大网中,让他们难以挣脱,重回泥沼,关于未来,他们的“出路”又将在哪 ', 'detail_href': 'https://www.baidu.com/s?wd=%E5%85%AB%E8%A7%92%E7%AC%BC%E4%B8%AD+%E7%94%B5%E5%BD%B1&sa=fyb_movie_all_all&rsv_dl=fyb_movie_all_all'}
2023-07-03 17:42:56.044 | INFO     | __main__:analysis_list_page:90 - 详情页入队列： {'name': '  速度与激情10 ', 'type': ' 类型：动作、惊悚 ', 'actor': ' 演员：范·迪塞尔、米歇尔·罗德里格兹 ', 'introduction': ' 《速度与激情10》是路易斯·莱特里尔执导的动作片，这部电影会为整个《速度与激情》系列画上句号。该片于2023年5月19日在北美上映。范·迪塞尔接受《Total Film》杂志采访透露，在拍摄《速度与激情9》之前就已经开始规划第10部大结局了。不过考虑为了回馈环球影业，也为了满足粉丝，第10部可能拆分为两部影片来完结。 ', 'detail_href': 'https://www.baidu.com/s?wd=%E9%80%9F%E5%BA%A6%E4%B8%8E%E6%BF%80%E6%83%8510+%E7%94%B5%E5%BD%B1&sa=fyb_movie_all_all&rsv_dl=fyb_movie_all_all'}
2023-07-03 17:42:56.044 | INFO     | __main__:analysis_list_page:90 - 详情页入队列： {'name': '  满江红 ', 'type': ' 类型：剧情、喜剧 ', 'actor': ' 演员：沈腾、易烊千玺 ', 'introduction': ' 《满江红》是由陈宇、张艺谋编剧的电影。 ', 'detail_href': 'https://www.baidu.com/s?wd=%E6%BB%A1%E6%B1%9F%E7%BA%A2+%E7%94%B5%E5%BD%B1&sa=fyb_movie_all_all&rsv_dl=fyb_movie_all_all'}
2023-07-03 17:42:56.045 | INFO     | __main__:analysis_list_page:90 - 详情页入队列： {'name': '  地狱尖兵 ', 'type': ' 类型：战争 ', 'actor': ' 演员：阿列克谢·克拉夫琴科、乔治·博洛涅夫 ', 'introduction': ' 在一名呼啸山庄战士的带领下,冲锋队面临着一项艰巨的任务:控制市中心的高楼大厦。坦克和装甲运兵车本应让任务变得轻松,但被大型迫击炮和无人机所掩盖的激烈抵抗却削弱了攻击的优势。战斗水平不断上升,远程炮兵发出了强有力的声音,任务一步一步地解决了。除了越来越少的人在靶场,当敌人决定摧毁高楼大厦时,任务似乎根本不可能完成。 ', 'detail_href': 'https://www.baidu.com/s?wd=%E5%9C%B0%E7%8B%B1%E5%B0%96%E5%85%B5+%E7%94%B5%E5%BD%B1&sa=fyb_movie_all_all&rsv_dl=fyb_movie_all_all'}
2023-07-03 17:42:56.048 | INFO     | __main__:analysis_list_page:90 - 详情页入队列： {'name': '  长空之王 ', 'type': ' 类型：剧情、动作 ', 'actor': ' 演员：王一博、胡军 ', 'introduction': ' 讲述了雷宇等飞行员经过严苛选拔正式成为了中国新一代试飞员，他们在队长张挺的带领下参与到尖端新式战斗机的试飞工作中，在不断挑战战机和自我极限的过程中成长的故事 ', 'detail_href': 'https://www.baidu.com/s?wd=%E9%95%BF%E7%A9%BA%E4%B9%8B%E7%8E%8B+%E7%94%B5%E5%BD%B1&sa=fyb_movie_all_all&rsv_dl=fyb_movie_all_all'}
2023-07-03 17:42:56.049 | INFO     | __main__:analysis_list_page:90 - 详情页入队列： {'name': '  毒舌律师 ', 'type': ' 类型：剧情 ', 'actor': ' 演员：黄子华、谢君豪 ', 'introduction': ' 一宗国际名模涉嫌虐待女儿的冤案，竟成了法律界、权贵与名媛之间的角力场!社会金字塔顶层的钟氏家族，如何用尽权力与资源去自保？以林凉水(黄子华 饰)为代表的律师们又如何在重重困难下伸张正义？ ', 'detail_href': 'https://www.baidu.com/s?wd=%E6%AF%92%E8%88%8C%E5%BE%8B%E5%B8%88+%E7%94%B5%E5%BD%B1&sa=fyb_movie_all_all&rsv_dl=fyb_movie_all_all'}
2023-07-03 17:42:56.049 | INFO     | __main__:analysis_list_page:90 - 详情页入队列： {'name': '  人生路不熟 ', 'type': ' 类型：剧情 ', 'actor': ' 演员：乔杉、范丞丞 ', 'introduction': ' 一家四口意外开启一段有笑有泪的卡车之旅!卡车司机周东海(乔杉 饰)非常不看好准女婿万一帆(范丞丞 饰),为讨未来岳父欢心,万一帆越努力越“翻车”,准岳母霍梅梅(马丽 饰)和女儿周微雨(张婧仪 饰)也为调解这对冤家费尽心思。倒霉不断的万一帆,能否在旅途中通过未来岳父周东海的种种考验 ', 'detail_href': 'https://www.baidu.com/s?wd=%E4%BA%BA%E7%94%9F%E8%B7%AF%E4%B8%8D%E7%86%9F+%E7%94%B5%E5%BD%B1&sa=fyb_movie_all_all&rsv_dl=fyb_movie_all_all'}
2023-07-03 17:42:56.050 | INFO     | __main__:analysis_list_page:90 - 详情页入队列： {'name': '  闪电侠 ', 'type': ' 类型：剧情、动作 ', 'actor': ' 演员：埃兹拉·米勒、朗·里维斯顿 ', 'introduction': ' 超级快的英雄闪电侠穿越到一个时间轴，在那里地球处于混乱之中，它的英雄们迷失和分散。把事情做对是他的责任。 ', 'detail_href': 'https://www.baidu.com/s?wd=%E9%97%AA%E7%94%B5%E4%BE%A0+%E7%94%B5%E5%BD%B1&sa=fyb_movie_all_all&rsv_dl=fyb_movie_all_all'}
2023-07-03 17:42:56.050 | INFO     | __main__:analysis_list_page:90 - 详情页入队列： {'name': '  流浪地球2 ', 'type': ' 类型：科幻 ', 'actor': ' 演员：吴京、刘德华 ', 'introduction': ' 《流浪地球2》是由郭帆执导，刘慈欣监制，吴京、刘德华等主演的科幻灾难电影，该片于2023年1月22日在中国大陆上映。该片根据刘慈欣同名小说改编，是《流浪地球》的前传，以提出计划将建造1万座行星发动机的时代为背景，讲述了“太阳危机”即将来袭，世界危在旦夕，人类文明的延续将面临巨大挑战的故事。 ', 'detail_href': 'https://www.baidu.com/s?wd=%E6%B5%81%E6%B5%AA%E5%9C%B0%E7%90%832+%E7%94%B5%E5%BD%B1&sa=fyb_movie_all_all&rsv_dl=fyb_movie_all_all'}
2023-07-03 17:42:56.052 | INFO     | __main__:analysis_list_page:90 - 详情页入队列： {'name': '  蝙蝠侠 ', 'type': ' 类型：剧情、动作 ', 'actor': ' 演员：罗伯特·帕丁森、佐伊·克拉维兹 ', 'introduction': ' 《新蝙蝠侠》由马特·里夫斯执导，罗伯特·帕丁森饰蝙蝠侠，佐伊·克拉维兹饰猫女，保罗·达诺饰谜语人，杰弗里·怀特饰戈登警长，安迪·瑟金斯饰管家阿尔弗雷德，科林·法瑞尔饰企鹅人，约翰·特托罗饰哥谭黑帮头目卡迈因·法尔科内，彼得·萨斯加德饰一名哥谭地区检察官。 ', 'detail_href': 'https://www.baidu.com/s?wd=%E8%9D%99%E8%9D%A0%E4%BE%A0+%E7%94%B5%E5%BD%B1&sa=fyb_movie_all_all&rsv_dl=fyb_movie_all_all'}
2023-07-03 17:42:56.064 | INFO     | __main__:analysis_list_page:90 - 详情页入队列： {'name': '  灌篮高手 ', 'type': ' 类型：动画 ', 'actor': ' 演员：宫原直树、北田胜彦 ', 'introduction': ' 「The First Slam Dunk」是《灌篮高手》首部大电影，也是最后一部！弥补青春遗憾的机会只此一次！宫城良田、三井寿、流川枫、樱木花道和赤木刚宪终于站在全国大赛的赛场，代表湘北高中与日本最强球队山王工业展开激烈对决。面对强大的对手，湘北五人组没有退缩，在安西教练的指导下，他们抱着破釜沉舟的决心热血奋战，究竟湘北能否取得比赛的最终胜利？承载好几代人热血梦想的全国大赛即将开赛，巅峰之战，就此一决！27年的等待即将划上完美句点，是时候跟自己的青春道别了！ ', 'detail_href': 'https://www.baidu.com/s?wd=%E7%81%8C%E7%AF%AE%E9%AB%98%E6%89%8B+%E7%94%B5%E5%BD%B1&sa=fyb_movie_all_all&rsv_dl=fyb_movie_all_all'}
2023-07-03 17:42:56.065 | INFO     | __main__:analysis_list_page:90 - 详情页入队列： {'name': '  了不起的夜晚 ', 'type': ' 类型：剧情、惊悚 ', 'actor': ' 演员：范丞丞、蒋龙 ', 'introduction': ' 一心想要红的短视频“达人”豹子面临公司倒闭和支付赔偿金的双重困境,合伙人狗子和猴子也提出要散伙。三兄弟因一个特殊邀约来到惊悚片剧组进行偷拍,打算干好“最后一票”。不料,他们居然拍到剧组女主角发生意外的独家画面!三兄弟随机应变继续偷拍,却没想到一连串的惊声尖笑愈演愈烈 ', 'detail_href': 'https://www.baidu.com/s?wd=%E4%BA%86%E4%B8%8D%E8%B5%B7%E7%9A%84%E5%A4%9C%E6%99%9A+%E7%94%B5%E5%BD%B1&sa=fyb_movie_all_all&rsv_dl=fyb_movie_all_all'}
2023-07-03 17:42:56.065 | INFO     | __main__:analysis_list_page:90 - 详情页入队列： {'name': '  疯狂元素城 ', 'type': ' 类型：科幻、动画 ', 'actor': ' 演员：莉娅·刘易斯、马莫多·阿西 ', 'introduction': ' 皮克斯打造全新原创力作《疯狂元素城》,在这个水、火、土、气四大元素共同生活的奇妙城市里,将会上演怎样“水火相容”的惊喜邂逅。影片将于2023年6月16日全球献映,敬请期待。 ', 'detail_href': 'https://www.baidu.com/s?wd=%E7%96%AF%E7%8B%82%E5%85%83%E7%B4%A0%E5%9F%8E+%E7%94%B5%E5%BD%B1&sa=fyb_movie_all_all&rsv_dl=fyb_movie_all_all'}
2023-07-03 17:42:56.066 | INFO     | __main__:analysis_list_page:90 - 详情页入队列： {'name': '  再见，士兵 ', 'type': ' 类型：剧情 ', 'actor': ' 演员：金瀚、宁桓宇 ', 'introduction': ' 《再见，士兵》又名风中的迷彩，是由肖洋监制、胡小毅编剧执导，金瀚、宁桓宇、李春嫒、贺宇强等人主演的退役军人题材院线电影。该片围绕三名90后退役军人为了兑现曾在军队约定的承诺，相互救赎而重组乐队的故事。 ', 'detail_href': 'https://www.baidu.com/s?wd=%E5%86%8D%E8%A7%81%EF%BC%8C%E5%A3%AB%E5%85%B5+%E7%94%B5%E5%BD%B1&sa=fyb_movie_all_all&rsv_dl=fyb_movie_all_all'}
2023-07-03 17:42:56.066 | INFO     | __main__:analysis_list_page:90 - 详情页入队列： {'name': '  银河护卫队3 ', 'type': ' 类型：动作、科幻 ', 'actor': ' 演员：克里斯·帕拉特、佐伊·索尔达娜 ', 'introduction': ' 《银河护卫队3》是漫威影业出品、华特·迪士尼电影公司发行的科幻动作冒险电影，由克里斯·帕拉特、佐伊·索尔达娜主演，定于2023年5月5日上映。该片是银河护卫队系列的第三部电影，也是漫威电影宇宙的第五阶段的作品。 ', 'detail_href': 'https://www.baidu.com/s?wd=%E9%93%B6%E6%B2%B3%E6%8A%A4%E5%8D%AB%E9%98%9F3+%E7%94%B5%E5%BD%B1&sa=fyb_movie_all_all&rsv_dl=fyb_movie_all_all'}
2023-07-03 17:42:56.067 | INFO     | __main__:analysis_list_page:90 - 详情页入队列： {'name': '  复仇者联盟 ', 'type': ' 类型：剧情、科幻 ', 'actor': ' 演员：克里斯·海姆斯沃斯、本尼迪克特·康伯巴奇 ', 'introduction': '   ', 'detail_href': None}
2023-07-03 17:42:56.078 | INFO     | __main__:analysis_list_page:90 - 详情页入队列： {'name': '  ai创世者 ', 'type': ' 类型：剧情、惊悚 ', 'actor': ' 演员：约翰·大卫·华盛顿、嘉玛·陈 ', 'introduction': ' 人工智能投放的核弹大大损害了人类世界,开始被人类追杀的十年后,如今的生存状态非常残酷,而一名人类士兵发现了一个半人半AI的孩子,她被认为是赢得与AI的战争的关键 ', 'detail_href': 'https://www.baidu.com/s?wd=ai%E5%88%9B%E4%B8%96%E8%80%85+%E7%94%B5%E5%BD%B1&sa=fyb_movie_all_all&rsv_dl=fyb_movie_all_all'}
2023-07-03 17:42:56.079 | INFO     | __main__:analysis_list_page:90 - 详情页入队列： {'name': '  龙马精神 ', 'type': ' 类型：动作、剧情 ', 'actor': ' 演员：成龙、刘浩存 ', 'introduction': ' 《龙马精神》是由杨子编剧、执导，成龙、刘浩存、郭麒麟领衔主演，吴京、小沈阳主演的剧情喜剧动作电影。该片将聚焦一代龙虎武师的故事，成龙将与这匹骏马上演别样“父子情”。该片于2022年12月31日在中国大陆上映。 ', 'detail_href': 'https://www.baidu.com/s?wd=%E9%BE%99%E9%A9%AC%E7%B2%BE%E7%A5%9E+%E7%94%B5%E5%BD%B1&sa=fyb_movie_all_all&rsv_dl=fyb_movie_all_all'}
2023-07-03 17:42:56.080 | INFO     | __main__:analysis_list_page:90 - 详情页入队列： {'name': '  学爸 ', 'type': ' 类型：剧情 ', 'actor': ' 演员：黄渤、闫妮 ', 'introduction': ' 《学爸》是是由苏亮编剧并执导，黄渤、闫妮领衔主演，张钧甯、张子贤、单禹豪主演，万茜特别出演的电影。该片是黄渤“HB+U”新导演助力计划的一部作品。2023年8月18日，《学爸》定档上映。 ', 'detail_href': 'https://www.baidu.com/s?wd=%E5%AD%A6%E7%88%B8+%E7%94%B5%E5%BD%B1&sa=fyb_movie_all_all&rsv_dl=fyb_movie_all_all'}
2023-07-03 17:42:56.080 | INFO     | __main__:analysis_list_page:90 - 详情页入队列： {'name': '  犯罪都市3 ', 'type': ' 类型：动作、犯罪 ', 'actor': ' 演员：马东锡、李浚赫 ', 'introduction': ' 讲述了调职到广域搜查队的“马锡道”刑警和新的团队展开的犯罪扫荡作战故事,由第2部的李相龙导演执导,李浚赫饰演反派。 ', 'detail_href': 'https://www.baidu.com/s?wd=%E7%8A%AF%E7%BD%AA%E9%83%BD%E5%B8%823+%E7%94%B5%E5%BD%B1&sa=fyb_movie_all_all&rsv_dl=fyb_movie_all_all'}
2023-07-03 17:42:56.081 | INFO     | __main__:analysis_list_page:90 - 详情页入队列： {'name': '  你好，鸽先生 ', 'type': ' 类型：励志轻喜剧 ', 'actor': ' 演员：李卓霖、王一 ', 'introduction': ' 电影《你好，鸽先生》是刘泳辰执导，李卓霖，王一，崔宝月领衔主演，该片于2022年4月在大陆上映。电影《你好,鸽先生》主要讲述了赛鸽冠军高建鹏在备战新一届信鸽比赛时,突遇发小杨步成的挑战。高建鹏深知杨步成是一个从来没有养过鸽子、也没参加过鸽赛的小白,但他却表现的信心满满,随着比赛的临近,高建鹏发现,事情远远没有那么简单。首部养鸽，赛鸽题材的院线电影，由真人真事改编，养鸽人参加鸽赛的故事。 ', 'detail_href': 'https://www.baidu.com/s?wd=%E4%BD%A0%E5%A5%BD%EF%BC%8C%E9%B8%BD%E5%85%88%E7%94%9F+%E7%94%B5%E5%BD%B1&sa=fyb_movie_all_all&rsv_dl=fyb_movie_all_all'}
2023-07-03 17:42:56.081 | INFO     | __main__:analysis_list_page:90 - 详情页入队列： {'name': '  你好，恩师 ', 'type': ' 类型：爱国、教育 ', 'actor': ' 演员：李倩、保剑锋 ', 'introduction': ' 《你好，恩师》是由邓安东执导，李倩、保剑锋领衔主演，刘仪伟、李菁、郝劭文、王莎莎、王恩卓等主演的爱国教育励志题材电影，预计将于2023年“暑期档”登陆全国院线。该片根据真实的新闻故事改编而成，讲述了20世纪90年代初人民教师李丽华怀揣着“塑造道德人格“的育人核心，在凤栖山村支教的故事。 ', 'detail_href': 'https://www.baidu.com/s?wd=%E4%BD%A0%E5%A5%BD%EF%BC%8C%E6%81%A9%E5%B8%88+%E7%94%B5%E5%BD%B1&sa=fyb_movie_all_all&rsv_dl=fyb_movie_all_all'}
2023-07-03 17:42:56.093 | INFO     | __main__:analysis_list_page:90 - 详情页入队列： {'name': '  河神·诡水怪谈 ', 'type': ' 类型：动作、犯罪 ', 'actor': ' 演员：谢苗、衣云鹤 ', 'introduction': '   ', 'detail_href': None}
2023-07-03 17:42:56.094 | INFO     | __main__:analysis_list_page:90 - 详情页入队列： {'name': '  铃芽之旅 ', 'type': ' 类型：动画、爱情 ', 'actor': ' 演员：原菜乃华、松村北斗 ', 'introduction': ' 故事讲述生活在日本九州田舍的17岁少女铃芽遇见了为了寻找“门”而踏上旅途的青年。追随着青年的脚步,铃芽来到了山上一片废墟之地,在这里静静伫立着一扇古老的门,仿佛是坍塌中存留的唯一遗迹。铃芽仿佛被什么吸引了一般,将手伸向了那扇门 不久之后,日本各地的门开始一扇一扇地打开。据说,开着的门必须关上,否则灾祸将会从门的那一边降临于现世。 ', 'detail_href': 'https://www.baidu.com/s?wd=%E9%93%83%E8%8A%BD%E4%B9%8B%E6%97%85+%E7%94%B5%E5%BD%B1&sa=fyb_movie_all_all&rsv_dl=fyb_movie_all_all'}
2023-07-03 17:42:56.094 | INFO     | __main__:analysis_list_page:90 - 详情页入队列： {'name': '  人生大事 ', 'type': ' 类型：剧情 ', 'actor': ' 演员：朱一龙、王戈 ', 'introduction': ' 《人生大事》是由韩延监制，刘江江编剧并执导，朱一龙领衔主演，杨恩又特别介绍出演，王戈特邀主演，刘陆、罗京民主演的电影，该片于2022年6月24日上映。该片讲述刑满释放的殡葬师三哥在一次出殡中遇见了孤儿武小文，意外地改变了三哥对职业和生活态度的故事。 ', 'detail_href': 'https://www.baidu.com/s?wd=%E4%BA%BA%E7%94%9F%E5%A4%A7%E4%BA%8B+%E7%94%B5%E5%BD%B1&sa=fyb_movie_all_all&rsv_dl=fyb_movie_all_all'}
2023-07-03 17:42:56.095 | INFO     | __main__:analysis_list_page:90 - 详情页入队列： {'name': '  太棒了 ', 'type': ' 类型：喜剧 ', 'actor': ' 演员：玛琳娜·佛伊丝、乔纳森·科恩 ', 'introduction': ' 《太棒了》是由索菲·勒图讷尔执导，玛琳娜·佛伊丝、乔纳森·科恩主演的电影。入选法国权威电影杂志《电影手册》评选出的2020年度“十佳电影”。 ', 'detail_href': 'https://www.baidu.com/s?wd=%E5%A4%AA%E6%A3%92%E4%BA%86+%E7%94%B5%E5%BD%B1&sa=fyb_movie_all_all&rsv_dl=fyb_movie_all_all'}
2023-07-03 17:42:56.096 | INFO     | __main__:analysis_list_page:90 - 详情页入队列： {'name': '  疾速追杀4 ', 'type': ' 类型：动作、惊悚 ', 'actor': ' 演员：基努·里维斯、甄子丹 ', 'introduction': ' 《疾速追杀4》是由查德·斯塔尔斯基执导，基努·里维斯、泽山璃奈、甄子丹主演的动作惊悚片，将于2023年的3月24日在美国上映。 ', 'detail_href': 'https://www.baidu.com/s?wd=%E7%96%BE%E9%80%9F%E8%BF%BD%E6%9D%804+%E7%94%B5%E5%BD%B1&sa=fyb_movie_all_all&rsv_dl=fyb_movie_all_all'}
2023-07-03 17:42:56.096 | INFO     | __main__:analysis_list_page:90 - 详情页入队列： {'name': '  我爱你! ', 'type': ' 类型：剧情、爱情 ', 'actor': ' 演员：倪大红、惠英红 ', 'introduction': ' 赋闲在家的老头常为戒偶遇收废品的老太李慧如。他们的前半生经历遗憾,常为戒不懂表达情感,直到妻子病逝才追悔莫及。李慧如早年离开家乡,配偶离世后在城市中孤单飘摇。他们互相扶持,悸动悄然降临。 ', 'detail_href': 'https://www.baidu.com/s?wd=%E6%88%91%E7%88%B1%E4%BD%A0%21+%E7%94%B5%E5%BD%B1&sa=fyb_movie_all_all&rsv_dl=fyb_movie_all_all'}
2023-07-03 17:42:57.184 | ERROR    | SpiderClass:inner:83 - Traceback (most recent call last):
  File "E:\Simlpe_spider\SpiderClass.py", line 53, in inner
    response = function(*args, **kwargs)
  File "E:\Simlpe_spider\SpiderClass.py", line 209, in request_api_back_queue
    api_response = session.get(request_url, headers=headers, timeout=15)
  File "C:\Python37\lib\site-packages\requests\sessions.py", line 602, in get
    return self.request("GET", url, **kwargs)
  File "C:\Python37\lib\site-packages\requests\sessions.py", line 575, in request
    prep = self.prepare_request(req)
  File "C:\Python37\lib\site-packages\requests\sessions.py", line 498, in prepare_request
    hooks=merge_hooks(request.hooks, self.hooks),
  File "C:\Python37\lib\site-packages\requests\models.py", line 368, in prepare
    self.prepare_url(url, params)
  File "C:\Python37\lib\site-packages\requests\models.py", line 440, in prepare_url
    f"Invalid URL {url!r}: No scheme supplied. "
requests.exceptions.MissingSchema: Invalid URL 'None': No scheme supplied. Perhaps you meant https://None?

2023-07-03 17:42:57.185 | ERROR    | __main__:analysis_details_page:59 - 请求失败： None
2023-07-03 17:42:57.968 | ERROR    | SpiderClass:inner:83 - Traceback (most recent call last):
  File "E:\Simlpe_spider\SpiderClass.py", line 53, in inner
    response = function(*args, **kwargs)
  File "E:\Simlpe_spider\SpiderClass.py", line 209, in request_api_back_queue
    api_response = session.get(request_url, headers=headers, timeout=15)
  File "C:\Python37\lib\site-packages\requests\sessions.py", line 602, in get
    return self.request("GET", url, **kwargs)
  File "C:\Python37\lib\site-packages\requests\sessions.py", line 575, in request
    prep = self.prepare_request(req)
  File "C:\Python37\lib\site-packages\requests\sessions.py", line 498, in prepare_request
    hooks=merge_hooks(request.hooks, self.hooks),
  File "C:\Python37\lib\site-packages\requests\models.py", line 368, in prepare
    self.prepare_url(url, params)
  File "C:\Python37\lib\site-packages\requests\models.py", line 440, in prepare_url
    f"Invalid URL {url!r}: No scheme supplied. "
requests.exceptions.MissingSchema: Invalid URL 'None': No scheme supplied. Perhaps you meant https://None?

2023-07-03 17:42:57.968 | ERROR    | __main__:analysis_details_page:59 - 请求失败： None
2023-07-03 17:43:11.963 | INFO     | __main__:run:30 - 百度热搜电影爬取！！！！！！！！！！！！！！！！！！！！！！！！！！！！！！！！！！！！！！！！！！！！！！！！！
2023-07-03 17:43:17.307 | INFO     | __main__:analysis_list_page:90 - 详情页入队列： {'name': '  消失的她 ', 'type': ' 类型：犯罪 ', 'actor': ' 演员：朱一龙、倪妮 ', 'introduction': ' 何非(朱一龙 饰)的妻子李木子(文咏珊 饰)在结婚周年旅行中离奇消失,在何非苦寻无果之时妻子再次现身,何非却坚称眼前的陌生女人并非妻子,妻子拿出了身份证明进行自证,金牌律师陈麦(倪妮 饰)介入到这起离奇案件当中,更多的谜团慢慢浮现 ', 'detail_href': 'https://www.baidu.com/s?wd=%E6%B6%88%E5%A4%B1%E7%9A%84%E5%A5%B9+%E7%94%B5%E5%BD%B1&sa=fyb_movie_all_all&rsv_dl=fyb_movie_all_all'}
2023-07-03 17:43:17.309 | INFO     | __main__:analysis_list_page:90 - 详情页入队列： {'name': '  变形金刚 ', 'type': ' 类型：动作、科幻 ', 'actor': ' 演员：安东尼·拉莫斯、多米尼克·菲什巴克 ', 'introduction': ' Anthony Ramos扮演男主,是一位不完美且脆弱的英雄,他曾犯过错,渴望在擎天柱的帮助下来救赎自己。Dominique Fishback将扮演女主。一部设定在1994年的纽约和秘鲁,并介绍新的军团巨无霸、原始兽和龙头部队! ', 'detail_href': 'https://www.baidu.com/s?wd=%E5%8F%98%E5%BD%A2%E9%87%91%E5%88%9A+%E7%94%B5%E5%BD%B1&sa=fyb_movie_all_all&rsv_dl=fyb_movie_all_all'}
2023-07-03 17:43:17.309 | INFO     | __main__:analysis_list_page:90 - 详情页入队列： {'name': '  八角笼中 ', 'type': ' 类型：剧情、动作 ', 'actor': ' 演员：王宝强、陈永胜 ', 'introduction': ' 故事讲述了主人公倾注心血想把当地无人照料的孤儿培养成真正的格斗运动员。这让生活本没有出路的孩子们看到了一丝通向未来的曙光。然而,随着往日表演格斗的视频被爆出,这些“残忍、血腥”的画面刺激了不明真相的人们的神经。一夜之间,舆论开始发酵。主人公的生活、孤儿们的前途都陷入到人们以善良为名编织的大网中,让他们难以挣脱,重回泥沼,关于未来,他们的“出路”又将在哪 ', 'detail_href': 'https://www.baidu.com/s?wd=%E5%85%AB%E8%A7%92%E7%AC%BC%E4%B8%AD+%E7%94%B5%E5%BD%B1&sa=fyb_movie_all_all&rsv_dl=fyb_movie_all_all'}
2023-07-03 17:43:17.310 | INFO     | __main__:analysis_list_page:90 - 详情页入队列： {'name': '  速度与激情10 ', 'type': ' 类型：动作、惊悚 ', 'actor': ' 演员：范·迪塞尔、米歇尔·罗德里格兹 ', 'introduction': ' 《速度与激情10》是路易斯·莱特里尔执导的动作片，这部电影会为整个《速度与激情》系列画上句号。该片于2023年5月19日在北美上映。范·迪塞尔接受《Total Film》杂志采访透露，在拍摄《速度与激情9》之前就已经开始规划第10部大结局了。不过考虑为了回馈环球影业，也为了满足粉丝，第10部可能拆分为两部影片来完结。 ', 'detail_href': 'https://www.baidu.com/s?wd=%E9%80%9F%E5%BA%A6%E4%B8%8E%E6%BF%80%E6%83%8510+%E7%94%B5%E5%BD%B1&sa=fyb_movie_all_all&rsv_dl=fyb_movie_all_all'}
2023-07-03 17:43:17.311 | INFO     | __main__:analysis_list_page:90 - 详情页入队列： {'name': '  满江红 ', 'type': ' 类型：剧情、喜剧 ', 'actor': ' 演员：沈腾、易烊千玺 ', 'introduction': ' 《满江红》是由陈宇、张艺谋编剧的电影。 ', 'detail_href': 'https://www.baidu.com/s?wd=%E6%BB%A1%E6%B1%9F%E7%BA%A2+%E7%94%B5%E5%BD%B1&sa=fyb_movie_all_all&rsv_dl=fyb_movie_all_all'}
2023-07-03 17:43:17.312 | INFO     | __main__:analysis_list_page:90 - 详情页入队列： {'name': '  地狱尖兵 ', 'type': ' 类型：战争 ', 'actor': ' 演员：阿列克谢·克拉夫琴科、乔治·博洛涅夫 ', 'introduction': ' 在一名呼啸山庄战士的带领下,冲锋队面临着一项艰巨的任务:控制市中心的高楼大厦。坦克和装甲运兵车本应让任务变得轻松,但被大型迫击炮和无人机所掩盖的激烈抵抗却削弱了攻击的优势。战斗水平不断上升,远程炮兵发出了强有力的声音,任务一步一步地解决了。除了越来越少的人在靶场,当敌人决定摧毁高楼大厦时,任务似乎根本不可能完成。 ', 'detail_href': 'https://www.baidu.com/s?wd=%E5%9C%B0%E7%8B%B1%E5%B0%96%E5%85%B5+%E7%94%B5%E5%BD%B1&sa=fyb_movie_all_all&rsv_dl=fyb_movie_all_all'}
2023-07-03 17:43:17.313 | INFO     | __main__:analysis_list_page:90 - 详情页入队列： {'name': '  长空之王 ', 'type': ' 类型：剧情、动作 ', 'actor': ' 演员：王一博、胡军 ', 'introduction': ' 讲述了雷宇等飞行员经过严苛选拔正式成为了中国新一代试飞员，他们在队长张挺的带领下参与到尖端新式战斗机的试飞工作中，在不断挑战战机和自我极限的过程中成长的故事 ', 'detail_href': 'https://www.baidu.com/s?wd=%E9%95%BF%E7%A9%BA%E4%B9%8B%E7%8E%8B+%E7%94%B5%E5%BD%B1&sa=fyb_movie_all_all&rsv_dl=fyb_movie_all_all'}
2023-07-03 17:43:17.313 | INFO     | __main__:analysis_list_page:90 - 详情页入队列： {'name': '  毒舌律师 ', 'type': ' 类型：剧情 ', 'actor': ' 演员：黄子华、谢君豪 ', 'introduction': ' 一宗国际名模涉嫌虐待女儿的冤案，竟成了法律界、权贵与名媛之间的角力场!社会金字塔顶层的钟氏家族，如何用尽权力与资源去自保？以林凉水(黄子华 饰)为代表的律师们又如何在重重困难下伸张正义？ ', 'detail_href': 'https://www.baidu.com/s?wd=%E6%AF%92%E8%88%8C%E5%BE%8B%E5%B8%88+%E7%94%B5%E5%BD%B1&sa=fyb_movie_all_all&rsv_dl=fyb_movie_all_all'}
2023-07-03 17:43:17.314 | INFO     | __main__:analysis_list_page:90 - 详情页入队列： {'name': '  人生路不熟 ', 'type': ' 类型：剧情 ', 'actor': ' 演员：乔杉、范丞丞 ', 'introduction': ' 一家四口意外开启一段有笑有泪的卡车之旅!卡车司机周东海(乔杉 饰)非常不看好准女婿万一帆(范丞丞 饰),为讨未来岳父欢心,万一帆越努力越“翻车”,准岳母霍梅梅(马丽 饰)和女儿周微雨(张婧仪 饰)也为调解这对冤家费尽心思。倒霉不断的万一帆,能否在旅途中通过未来岳父周东海的种种考验 ', 'detail_href': 'https://www.baidu.com/s?wd=%E4%BA%BA%E7%94%9F%E8%B7%AF%E4%B8%8D%E7%86%9F+%E7%94%B5%E5%BD%B1&sa=fyb_movie_all_all&rsv_dl=fyb_movie_all_all'}
2023-07-03 17:43:17.315 | INFO     | __main__:analysis_list_page:90 - 详情页入队列： {'name': '  闪电侠 ', 'type': ' 类型：剧情、动作 ', 'actor': ' 演员：埃兹拉·米勒、朗·里维斯顿 ', 'introduction': ' 超级快的英雄闪电侠穿越到一个时间轴，在那里地球处于混乱之中，它的英雄们迷失和分散。把事情做对是他的责任。 ', 'detail_href': 'https://www.baidu.com/s?wd=%E9%97%AA%E7%94%B5%E4%BE%A0+%E7%94%B5%E5%BD%B1&sa=fyb_movie_all_all&rsv_dl=fyb_movie_all_all'}
2023-07-03 17:43:17.316 | INFO     | __main__:analysis_list_page:90 - 详情页入队列： {'name': '  流浪地球2 ', 'type': ' 类型：科幻 ', 'actor': ' 演员：吴京、刘德华 ', 'introduction': ' 《流浪地球2》是由郭帆执导，刘慈欣监制，吴京、刘德华等主演的科幻灾难电影，该片于2023年1月22日在中国大陆上映。该片根据刘慈欣同名小说改编，是《流浪地球》的前传，以提出计划将建造1万座行星发动机的时代为背景，讲述了“太阳危机”即将来袭，世界危在旦夕，人类文明的延续将面临巨大挑战的故事。 ', 'detail_href': 'https://www.baidu.com/s?wd=%E6%B5%81%E6%B5%AA%E5%9C%B0%E7%90%832+%E7%94%B5%E5%BD%B1&sa=fyb_movie_all_all&rsv_dl=fyb_movie_all_all'}
2023-07-03 17:43:17.316 | INFO     | __main__:analysis_list_page:90 - 详情页入队列： {'name': '  蝙蝠侠 ', 'type': ' 类型：剧情、动作 ', 'actor': ' 演员：罗伯特·帕丁森、佐伊·克拉维兹 ', 'introduction': ' 《新蝙蝠侠》由马特·里夫斯执导，罗伯特·帕丁森饰蝙蝠侠，佐伊·克拉维兹饰猫女，保罗·达诺饰谜语人，杰弗里·怀特饰戈登警长，安迪·瑟金斯饰管家阿尔弗雷德，科林·法瑞尔饰企鹅人，约翰·特托罗饰哥谭黑帮头目卡迈因·法尔科内，彼得·萨斯加德饰一名哥谭地区检察官。 ', 'detail_href': 'https://www.baidu.com/s?wd=%E8%9D%99%E8%9D%A0%E4%BE%A0+%E7%94%B5%E5%BD%B1&sa=fyb_movie_all_all&rsv_dl=fyb_movie_all_all'}
2023-07-03 17:43:17.317 | INFO     | __main__:analysis_list_page:90 - 详情页入队列： {'name': '  灌篮高手 ', 'type': ' 类型：动画 ', 'actor': ' 演员：宫原直树、北田胜彦 ', 'introduction': ' 「The First Slam Dunk」是《灌篮高手》首部大电影，也是最后一部！弥补青春遗憾的机会只此一次！宫城良田、三井寿、流川枫、樱木花道和赤木刚宪终于站在全国大赛的赛场，代表湘北高中与日本最强球队山王工业展开激烈对决。面对强大的对手，湘北五人组没有退缩，在安西教练的指导下，他们抱着破釜沉舟的决心热血奋战，究竟湘北能否取得比赛的最终胜利？承载好几代人热血梦想的全国大赛即将开赛，巅峰之战，就此一决！27年的等待即将划上完美句点，是时候跟自己的青春道别了！ ', 'detail_href': 'https://www.baidu.com/s?wd=%E7%81%8C%E7%AF%AE%E9%AB%98%E6%89%8B+%E7%94%B5%E5%BD%B1&sa=fyb_movie_all_all&rsv_dl=fyb_movie_all_all'}
2023-07-03 17:43:17.318 | INFO     | __main__:analysis_list_page:90 - 详情页入队列： {'name': '  了不起的夜晚 ', 'type': ' 类型：剧情、惊悚 ', 'actor': ' 演员：范丞丞、蒋龙 ', 'introduction': ' 一心想要红的短视频“达人”豹子面临公司倒闭和支付赔偿金的双重困境,合伙人狗子和猴子也提出要散伙。三兄弟因一个特殊邀约来到惊悚片剧组进行偷拍,打算干好“最后一票”。不料,他们居然拍到剧组女主角发生意外的独家画面!三兄弟随机应变继续偷拍,却没想到一连串的惊声尖笑愈演愈烈 ', 'detail_href': 'https://www.baidu.com/s?wd=%E4%BA%86%E4%B8%8D%E8%B5%B7%E7%9A%84%E5%A4%9C%E6%99%9A+%E7%94%B5%E5%BD%B1&sa=fyb_movie_all_all&rsv_dl=fyb_movie_all_all'}
2023-07-03 17:43:17.319 | INFO     | __main__:analysis_list_page:90 - 详情页入队列： {'name': '  疯狂元素城 ', 'type': ' 类型：科幻、动画 ', 'actor': ' 演员：莉娅·刘易斯、马莫多·阿西 ', 'introduction': ' 皮克斯打造全新原创力作《疯狂元素城》,在这个水、火、土、气四大元素共同生活的奇妙城市里,将会上演怎样“水火相容”的惊喜邂逅。影片将于2023年6月16日全球献映,敬请期待。 ', 'detail_href': 'https://www.baidu.com/s?wd=%E7%96%AF%E7%8B%82%E5%85%83%E7%B4%A0%E5%9F%8E+%E7%94%B5%E5%BD%B1&sa=fyb_movie_all_all&rsv_dl=fyb_movie_all_all'}
2023-07-03 17:43:17.320 | INFO     | __main__:analysis_list_page:90 - 详情页入队列： {'name': '  再见，士兵 ', 'type': ' 类型：剧情 ', 'actor': ' 演员：金瀚、宁桓宇 ', 'introduction': ' 《再见，士兵》又名风中的迷彩，是由肖洋监制、胡小毅编剧执导，金瀚、宁桓宇、李春嫒、贺宇强等人主演的退役军人题材院线电影。该片围绕三名90后退役军人为了兑现曾在军队约定的承诺，相互救赎而重组乐队的故事。 ', 'detail_href': 'https://www.baidu.com/s?wd=%E5%86%8D%E8%A7%81%EF%BC%8C%E5%A3%AB%E5%85%B5+%E7%94%B5%E5%BD%B1&sa=fyb_movie_all_all&rsv_dl=fyb_movie_all_all'}
2023-07-03 17:43:17.320 | INFO     | __main__:analysis_list_page:90 - 详情页入队列： {'name': '  银河护卫队3 ', 'type': ' 类型：动作、科幻 ', 'actor': ' 演员：克里斯·帕拉特、佐伊·索尔达娜 ', 'introduction': ' 《银河护卫队3》是漫威影业出品、华特·迪士尼电影公司发行的科幻动作冒险电影，由克里斯·帕拉特、佐伊·索尔达娜主演，定于2023年5月5日上映。该片是银河护卫队系列的第三部电影，也是漫威电影宇宙的第五阶段的作品。 ', 'detail_href': 'https://www.baidu.com/s?wd=%E9%93%B6%E6%B2%B3%E6%8A%A4%E5%8D%AB%E9%98%9F3+%E7%94%B5%E5%BD%B1&sa=fyb_movie_all_all&rsv_dl=fyb_movie_all_all'}
2023-07-03 17:43:17.322 | INFO     | __main__:analysis_list_page:90 - 详情页入队列： {'name': '  复仇者联盟 ', 'type': ' 类型：剧情、科幻 ', 'actor': ' 演员：克里斯·海姆斯沃斯、本尼迪克特·康伯巴奇 ', 'introduction': '   ', 'detail_href': None}
2023-07-03 17:43:17.323 | INFO     | __main__:analysis_list_page:90 - 详情页入队列： {'name': '  ai创世者 ', 'type': ' 类型：剧情、惊悚 ', 'actor': ' 演员：约翰·大卫·华盛顿、嘉玛·陈 ', 'introduction': ' 人工智能投放的核弹大大损害了人类世界,开始被人类追杀的十年后,如今的生存状态非常残酷,而一名人类士兵发现了一个半人半AI的孩子,她被认为是赢得与AI的战争的关键 ', 'detail_href': 'https://www.baidu.com/s?wd=ai%E5%88%9B%E4%B8%96%E8%80%85+%E7%94%B5%E5%BD%B1&sa=fyb_movie_all_all&rsv_dl=fyb_movie_all_all'}
2023-07-03 17:43:17.324 | INFO     | __main__:analysis_list_page:90 - 详情页入队列： {'name': '  龙马精神 ', 'type': ' 类型：动作、剧情 ', 'actor': ' 演员：成龙、刘浩存 ', 'introduction': ' 《龙马精神》是由杨子编剧、执导，成龙、刘浩存、郭麒麟领衔主演，吴京、小沈阳主演的剧情喜剧动作电影。该片将聚焦一代龙虎武师的故事，成龙将与这匹骏马上演别样“父子情”。该片于2022年12月31日在中国大陆上映。 ', 'detail_href': 'https://www.baidu.com/s?wd=%E9%BE%99%E9%A9%AC%E7%B2%BE%E7%A5%9E+%E7%94%B5%E5%BD%B1&sa=fyb_movie_all_all&rsv_dl=fyb_movie_all_all'}
2023-07-03 17:43:17.324 | INFO     | __main__:analysis_list_page:90 - 详情页入队列： {'name': '  学爸 ', 'type': ' 类型：剧情 ', 'actor': ' 演员：黄渤、闫妮 ', 'introduction': ' 《学爸》是是由苏亮编剧并执导，黄渤、闫妮领衔主演，张钧甯、张子贤、单禹豪主演，万茜特别出演的电影。该片是黄渤“HB+U”新导演助力计划的一部作品。2023年8月18日，《学爸》定档上映。 ', 'detail_href': 'https://www.baidu.com/s?wd=%E5%AD%A6%E7%88%B8+%E7%94%B5%E5%BD%B1&sa=fyb_movie_all_all&rsv_dl=fyb_movie_all_all'}
2023-07-03 17:43:17.325 | INFO     | __main__:analysis_list_page:90 - 详情页入队列： {'name': '  犯罪都市3 ', 'type': ' 类型：动作、犯罪 ', 'actor': ' 演员：马东锡、李浚赫 ', 'introduction': ' 讲述了调职到广域搜查队的“马锡道”刑警和新的团队展开的犯罪扫荡作战故事,由第2部的李相龙导演执导,李浚赫饰演反派。 ', 'detail_href': 'https://www.baidu.com/s?wd=%E7%8A%AF%E7%BD%AA%E9%83%BD%E5%B8%823+%E7%94%B5%E5%BD%B1&sa=fyb_movie_all_all&rsv_dl=fyb_movie_all_all'}
2023-07-03 17:43:17.326 | INFO     | __main__:analysis_list_page:90 - 详情页入队列： {'name': '  你好，鸽先生 ', 'type': ' 类型：励志轻喜剧 ', 'actor': ' 演员：李卓霖、王一 ', 'introduction': ' 电影《你好，鸽先生》是刘泳辰执导，李卓霖，王一，崔宝月领衔主演，该片于2022年4月在大陆上映。电影《你好,鸽先生》主要讲述了赛鸽冠军高建鹏在备战新一届信鸽比赛时,突遇发小杨步成的挑战。高建鹏深知杨步成是一个从来没有养过鸽子、也没参加过鸽赛的小白,但他却表现的信心满满,随着比赛的临近,高建鹏发现,事情远远没有那么简单。首部养鸽，赛鸽题材的院线电影，由真人真事改编，养鸽人参加鸽赛的故事。 ', 'detail_href': 'https://www.baidu.com/s?wd=%E4%BD%A0%E5%A5%BD%EF%BC%8C%E9%B8%BD%E5%85%88%E7%94%9F+%E7%94%B5%E5%BD%B1&sa=fyb_movie_all_all&rsv_dl=fyb_movie_all_all'}
2023-07-03 17:43:17.327 | INFO     | __main__:analysis_list_page:90 - 详情页入队列： {'name': '  你好，恩师 ', 'type': ' 类型：爱国、教育 ', 'actor': ' 演员：李倩、保剑锋 ', 'introduction': ' 《你好，恩师》是由邓安东执导，李倩、保剑锋领衔主演，刘仪伟、李菁、郝劭文、王莎莎、王恩卓等主演的爱国教育励志题材电影，预计将于2023年“暑期档”登陆全国院线。该片根据真实的新闻故事改编而成，讲述了20世纪90年代初人民教师李丽华怀揣着“塑造道德人格“的育人核心，在凤栖山村支教的故事。 ', 'detail_href': 'https://www.baidu.com/s?wd=%E4%BD%A0%E5%A5%BD%EF%BC%8C%E6%81%A9%E5%B8%88+%E7%94%B5%E5%BD%B1&sa=fyb_movie_all_all&rsv_dl=fyb_movie_all_all'}
2023-07-03 17:43:17.328 | INFO     | __main__:analysis_list_page:90 - 详情页入队列： {'name': '  河神·诡水怪谈 ', 'type': ' 类型：动作、犯罪 ', 'actor': ' 演员：谢苗、衣云鹤 ', 'introduction': '   ', 'detail_href': None}
2023-07-03 17:43:17.328 | INFO     | __main__:analysis_list_page:90 - 详情页入队列： {'name': '  铃芽之旅 ', 'type': ' 类型：动画、爱情 ', 'actor': ' 演员：原菜乃华、松村北斗 ', 'introduction': ' 故事讲述生活在日本九州田舍的17岁少女铃芽遇见了为了寻找“门”而踏上旅途的青年。追随着青年的脚步,铃芽来到了山上一片废墟之地,在这里静静伫立着一扇古老的门,仿佛是坍塌中存留的唯一遗迹。铃芽仿佛被什么吸引了一般,将手伸向了那扇门 不久之后,日本各地的门开始一扇一扇地打开。据说,开着的门必须关上,否则灾祸将会从门的那一边降临于现世。 ', 'detail_href': 'https://www.baidu.com/s?wd=%E9%93%83%E8%8A%BD%E4%B9%8B%E6%97%85+%E7%94%B5%E5%BD%B1&sa=fyb_movie_all_all&rsv_dl=fyb_movie_all_all'}
2023-07-03 17:43:17.329 | INFO     | __main__:analysis_list_page:90 - 详情页入队列： {'name': '  人生大事 ', 'type': ' 类型：剧情 ', 'actor': ' 演员：朱一龙、王戈 ', 'introduction': ' 《人生大事》是由韩延监制，刘江江编剧并执导，朱一龙领衔主演，杨恩又特别介绍出演，王戈特邀主演，刘陆、罗京民主演的电影，该片于2022年6月24日上映。该片讲述刑满释放的殡葬师三哥在一次出殡中遇见了孤儿武小文，意外地改变了三哥对职业和生活态度的故事。 ', 'detail_href': 'https://www.baidu.com/s?wd=%E4%BA%BA%E7%94%9F%E5%A4%A7%E4%BA%8B+%E7%94%B5%E5%BD%B1&sa=fyb_movie_all_all&rsv_dl=fyb_movie_all_all'}
2023-07-03 17:43:17.329 | INFO     | __main__:analysis_list_page:90 - 详情页入队列： {'name': '  太棒了 ', 'type': ' 类型：喜剧 ', 'actor': ' 演员：玛琳娜·佛伊丝、乔纳森·科恩 ', 'introduction': ' 《太棒了》是由索菲·勒图讷尔执导，玛琳娜·佛伊丝、乔纳森·科恩主演的电影。入选法国权威电影杂志《电影手册》评选出的2020年度“十佳电影”。 ', 'detail_href': 'https://www.baidu.com/s?wd=%E5%A4%AA%E6%A3%92%E4%BA%86+%E7%94%B5%E5%BD%B1&sa=fyb_movie_all_all&rsv_dl=fyb_movie_all_all'}
2023-07-03 17:43:17.330 | INFO     | __main__:analysis_list_page:90 - 详情页入队列： {'name': '  疾速追杀4 ', 'type': ' 类型：动作、惊悚 ', 'actor': ' 演员：基努·里维斯、甄子丹 ', 'introduction': ' 《疾速追杀4》是由查德·斯塔尔斯基执导，基努·里维斯、泽山璃奈、甄子丹主演的动作惊悚片，将于2023年的3月24日在美国上映。 ', 'detail_href': 'https://www.baidu.com/s?wd=%E7%96%BE%E9%80%9F%E8%BF%BD%E6%9D%804+%E7%94%B5%E5%BD%B1&sa=fyb_movie_all_all&rsv_dl=fyb_movie_all_all'}
2023-07-03 17:43:17.331 | INFO     | __main__:analysis_list_page:90 - 详情页入队列： {'name': '  我爱你! ', 'type': ' 类型：剧情、爱情 ', 'actor': ' 演员：倪大红、惠英红 ', 'introduction': ' 赋闲在家的老头常为戒偶遇收废品的老太李慧如。他们的前半生经历遗憾,常为戒不懂表达情感,直到妻子病逝才追悔莫及。李慧如早年离开家乡,配偶离世后在城市中孤单飘摇。他们互相扶持,悸动悄然降临。 ', 'detail_href': 'https://www.baidu.com/s?wd=%E6%88%91%E7%88%B1%E4%BD%A0%21+%E7%94%B5%E5%BD%B1&sa=fyb_movie_all_all&rsv_dl=fyb_movie_all_all'}
2023-07-03 17:44:31.779 | ERROR    | SpiderClass:inner:83 - Traceback (most recent call last):
  File "E:\Simlpe_spider\SpiderClass.py", line 53, in inner
    response = function(*args, **kwargs)
  File "E:\Simlpe_spider\SpiderClass.py", line 209, in request_api_back_queue
    api_response = session.get(request_url, headers=headers, timeout=15)
  File "C:\Python37\lib\site-packages\requests\sessions.py", line 602, in get
    return self.request("GET", url, **kwargs)
  File "C:\Python37\lib\site-packages\requests\sessions.py", line 575, in request
    prep = self.prepare_request(req)
  File "C:\Python37\lib\site-packages\requests\sessions.py", line 498, in prepare_request
    hooks=merge_hooks(request.hooks, self.hooks),
  File "C:\Python37\lib\site-packages\requests\models.py", line 368, in prepare
    self.prepare_url(url, params)
  File "C:\Python37\lib\site-packages\requests\models.py", line 440, in prepare_url
    f"Invalid URL {url!r}: No scheme supplied. "
requests.exceptions.MissingSchema: Invalid URL 'None': No scheme supplied. Perhaps you meant https://None?

2023-07-03 17:44:31.779 | ERROR    | __main__:analysis_details_page:59 - 请求失败： None
2023-07-03 17:44:35.080 | ERROR    | SpiderClass:inner:83 - Traceback (most recent call last):
  File "E:\Simlpe_spider\SpiderClass.py", line 53, in inner
    response = function(*args, **kwargs)
  File "E:\Simlpe_spider\SpiderClass.py", line 209, in request_api_back_queue
    api_response = session.get(request_url, headers=headers, timeout=15)
  File "C:\Python37\lib\site-packages\requests\sessions.py", line 602, in get
    return self.request("GET", url, **kwargs)
  File "C:\Python37\lib\site-packages\requests\sessions.py", line 575, in request
    prep = self.prepare_request(req)
  File "C:\Python37\lib\site-packages\requests\sessions.py", line 498, in prepare_request
    hooks=merge_hooks(request.hooks, self.hooks),
  File "C:\Python37\lib\site-packages\requests\models.py", line 368, in prepare
    self.prepare_url(url, params)
  File "C:\Python37\lib\site-packages\requests\models.py", line 440, in prepare_url
    f"Invalid URL {url!r}: No scheme supplied. "
requests.exceptions.MissingSchema: Invalid URL 'None': No scheme supplied. Perhaps you meant https://None?

2023-07-03 17:44:35.080 | ERROR    | __main__:analysis_details_page:59 - 请求失败： None
2023-07-03 17:45:03.885 | INFO     | __main__:run:30 - 百度热搜电影爬取！！！！！！！！！！！！！！！！！！！！！！！！！！！！！！！！！！！！！！！！！！！！！！！！！
2023-07-03 17:45:04.019 | INFO     | __main__:analysis_list_page:90 - 详情页入队列： {'name': '  消失的她 ', 'type': ' 类型：犯罪 ', 'actor': ' 演员：朱一龙、倪妮 ', 'introduction': ' 何非(朱一龙 饰)的妻子李木子(文咏珊 饰)在结婚周年旅行中离奇消失,在何非苦寻无果之时妻子再次现身,何非却坚称眼前的陌生女人并非妻子,妻子拿出了身份证明进行自证,金牌律师陈麦(倪妮 饰)介入到这起离奇案件当中,更多的谜团慢慢浮现 ', 'detail_href': 'https://www.baidu.com/s?wd=%E6%B6%88%E5%A4%B1%E7%9A%84%E5%A5%B9+%E7%94%B5%E5%BD%B1&sa=fyb_movie_all_all&rsv_dl=fyb_movie_all_all'}
2023-07-03 17:45:04.020 | INFO     | __main__:analysis_list_page:90 - 详情页入队列： {'name': '  变形金刚 ', 'type': ' 类型：动作、科幻 ', 'actor': ' 演员：安东尼·拉莫斯、多米尼克·菲什巴克 ', 'introduction': ' Anthony Ramos扮演男主,是一位不完美且脆弱的英雄,他曾犯过错,渴望在擎天柱的帮助下来救赎自己。Dominique Fishback将扮演女主。一部设定在1994年的纽约和秘鲁,并介绍新的军团巨无霸、原始兽和龙头部队! ', 'detail_href': 'https://www.baidu.com/s?wd=%E5%8F%98%E5%BD%A2%E9%87%91%E5%88%9A+%E7%94%B5%E5%BD%B1&sa=fyb_movie_all_all&rsv_dl=fyb_movie_all_all'}
2023-07-03 17:45:04.021 | INFO     | __main__:analysis_list_page:90 - 详情页入队列： {'name': '  八角笼中 ', 'type': ' 类型：剧情、动作 ', 'actor': ' 演员：王宝强、陈永胜 ', 'introduction': ' 故事讲述了主人公倾注心血想把当地无人照料的孤儿培养成真正的格斗运动员。这让生活本没有出路的孩子们看到了一丝通向未来的曙光。然而,随着往日表演格斗的视频被爆出,这些“残忍、血腥”的画面刺激了不明真相的人们的神经。一夜之间,舆论开始发酵。主人公的生活、孤儿们的前途都陷入到人们以善良为名编织的大网中,让他们难以挣脱,重回泥沼,关于未来,他们的“出路”又将在哪 ', 'detail_href': 'https://www.baidu.com/s?wd=%E5%85%AB%E8%A7%92%E7%AC%BC%E4%B8%AD+%E7%94%B5%E5%BD%B1&sa=fyb_movie_all_all&rsv_dl=fyb_movie_all_all'}
2023-07-03 17:45:04.021 | INFO     | __main__:analysis_list_page:90 - 详情页入队列： {'name': '  速度与激情10 ', 'type': ' 类型：动作、惊悚 ', 'actor': ' 演员：范·迪塞尔、米歇尔·罗德里格兹 ', 'introduction': ' 《速度与激情10》是路易斯·莱特里尔执导的动作片，这部电影会为整个《速度与激情》系列画上句号。该片于2023年5月19日在北美上映。范·迪塞尔接受《Total Film》杂志采访透露，在拍摄《速度与激情9》之前就已经开始规划第10部大结局了。不过考虑为了回馈环球影业，也为了满足粉丝，第10部可能拆分为两部影片来完结。 ', 'detail_href': 'https://www.baidu.com/s?wd=%E9%80%9F%E5%BA%A6%E4%B8%8E%E6%BF%80%E6%83%8510+%E7%94%B5%E5%BD%B1&sa=fyb_movie_all_all&rsv_dl=fyb_movie_all_all'}
2023-07-03 17:45:04.022 | INFO     | __main__:analysis_list_page:90 - 详情页入队列： {'name': '  满江红 ', 'type': ' 类型：剧情、喜剧 ', 'actor': ' 演员：沈腾、易烊千玺 ', 'introduction': ' 《满江红》是由陈宇、张艺谋编剧的电影。 ', 'detail_href': 'https://www.baidu.com/s?wd=%E6%BB%A1%E6%B1%9F%E7%BA%A2+%E7%94%B5%E5%BD%B1&sa=fyb_movie_all_all&rsv_dl=fyb_movie_all_all'}
2023-07-03 17:45:04.023 | INFO     | __main__:analysis_list_page:90 - 详情页入队列： {'name': '  地狱尖兵 ', 'type': ' 类型：战争 ', 'actor': ' 演员：阿列克谢·克拉夫琴科、乔治·博洛涅夫 ', 'introduction': ' 在一名呼啸山庄战士的带领下,冲锋队面临着一项艰巨的任务:控制市中心的高楼大厦。坦克和装甲运兵车本应让任务变得轻松,但被大型迫击炮和无人机所掩盖的激烈抵抗却削弱了攻击的优势。战斗水平不断上升,远程炮兵发出了强有力的声音,任务一步一步地解决了。除了越来越少的人在靶场,当敌人决定摧毁高楼大厦时,任务似乎根本不可能完成。 ', 'detail_href': 'https://www.baidu.com/s?wd=%E5%9C%B0%E7%8B%B1%E5%B0%96%E5%85%B5+%E7%94%B5%E5%BD%B1&sa=fyb_movie_all_all&rsv_dl=fyb_movie_all_all'}
2023-07-03 17:45:04.024 | INFO     | __main__:analysis_list_page:90 - 详情页入队列： {'name': '  长空之王 ', 'type': ' 类型：剧情、动作 ', 'actor': ' 演员：王一博、胡军 ', 'introduction': ' 讲述了雷宇等飞行员经过严苛选拔正式成为了中国新一代试飞员，他们在队长张挺的带领下参与到尖端新式战斗机的试飞工作中，在不断挑战战机和自我极限的过程中成长的故事 ', 'detail_href': 'https://www.baidu.com/s?wd=%E9%95%BF%E7%A9%BA%E4%B9%8B%E7%8E%8B+%E7%94%B5%E5%BD%B1&sa=fyb_movie_all_all&rsv_dl=fyb_movie_all_all'}
2023-07-03 17:45:04.024 | INFO     | __main__:analysis_list_page:90 - 详情页入队列： {'name': '  毒舌律师 ', 'type': ' 类型：剧情 ', 'actor': ' 演员：黄子华、谢君豪 ', 'introduction': ' 一宗国际名模涉嫌虐待女儿的冤案，竟成了法律界、权贵与名媛之间的角力场!社会金字塔顶层的钟氏家族，如何用尽权力与资源去自保？以林凉水(黄子华 饰)为代表的律师们又如何在重重困难下伸张正义？ ', 'detail_href': 'https://www.baidu.com/s?wd=%E6%AF%92%E8%88%8C%E5%BE%8B%E5%B8%88+%E7%94%B5%E5%BD%B1&sa=fyb_movie_all_all&rsv_dl=fyb_movie_all_all'}
2023-07-03 17:45:04.025 | INFO     | __main__:analysis_list_page:90 - 详情页入队列： {'name': '  人生路不熟 ', 'type': ' 类型：剧情 ', 'actor': ' 演员：乔杉、范丞丞 ', 'introduction': ' 一家四口意外开启一段有笑有泪的卡车之旅!卡车司机周东海(乔杉 饰)非常不看好准女婿万一帆(范丞丞 饰),为讨未来岳父欢心,万一帆越努力越“翻车”,准岳母霍梅梅(马丽 饰)和女儿周微雨(张婧仪 饰)也为调解这对冤家费尽心思。倒霉不断的万一帆,能否在旅途中通过未来岳父周东海的种种考验 ', 'detail_href': 'https://www.baidu.com/s?wd=%E4%BA%BA%E7%94%9F%E8%B7%AF%E4%B8%8D%E7%86%9F+%E7%94%B5%E5%BD%B1&sa=fyb_movie_all_all&rsv_dl=fyb_movie_all_all'}
2023-07-03 17:45:04.026 | INFO     | __main__:analysis_list_page:90 - 详情页入队列： {'name': '  闪电侠 ', 'type': ' 类型：剧情、动作 ', 'actor': ' 演员：埃兹拉·米勒、朗·里维斯顿 ', 'introduction': ' 超级快的英雄闪电侠穿越到一个时间轴，在那里地球处于混乱之中，它的英雄们迷失和分散。把事情做对是他的责任。 ', 'detail_href': 'https://www.baidu.com/s?wd=%E9%97%AA%E7%94%B5%E4%BE%A0+%E7%94%B5%E5%BD%B1&sa=fyb_movie_all_all&rsv_dl=fyb_movie_all_all'}
2023-07-03 17:45:04.026 | INFO     | __main__:analysis_list_page:90 - 详情页入队列： {'name': '  流浪地球2 ', 'type': ' 类型：科幻 ', 'actor': ' 演员：吴京、刘德华 ', 'introduction': ' 《流浪地球2》是由郭帆执导，刘慈欣监制，吴京、刘德华等主演的科幻灾难电影，该片于2023年1月22日在中国大陆上映。该片根据刘慈欣同名小说改编，是《流浪地球》的前传，以提出计划将建造1万座行星发动机的时代为背景，讲述了“太阳危机”即将来袭，世界危在旦夕，人类文明的延续将面临巨大挑战的故事。 ', 'detail_href': 'https://www.baidu.com/s?wd=%E6%B5%81%E6%B5%AA%E5%9C%B0%E7%90%832+%E7%94%B5%E5%BD%B1&sa=fyb_movie_all_all&rsv_dl=fyb_movie_all_all'}
2023-07-03 17:45:04.027 | INFO     | __main__:analysis_list_page:90 - 详情页入队列： {'name': '  蝙蝠侠 ', 'type': ' 类型：剧情、动作 ', 'actor': ' 演员：罗伯特·帕丁森、佐伊·克拉维兹 ', 'introduction': ' 《新蝙蝠侠》由马特·里夫斯执导，罗伯特·帕丁森饰蝙蝠侠，佐伊·克拉维兹饰猫女，保罗·达诺饰谜语人，杰弗里·怀特饰戈登警长，安迪·瑟金斯饰管家阿尔弗雷德，科林·法瑞尔饰企鹅人，约翰·特托罗饰哥谭黑帮头目卡迈因·法尔科内，彼得·萨斯加德饰一名哥谭地区检察官。 ', 'detail_href': 'https://www.baidu.com/s?wd=%E8%9D%99%E8%9D%A0%E4%BE%A0+%E7%94%B5%E5%BD%B1&sa=fyb_movie_all_all&rsv_dl=fyb_movie_all_all'}
2023-07-03 17:45:04.028 | INFO     | __main__:analysis_list_page:90 - 详情页入队列： {'name': '  灌篮高手 ', 'type': ' 类型：动画 ', 'actor': ' 演员：宫原直树、北田胜彦 ', 'introduction': ' 「The First Slam Dunk」是《灌篮高手》首部大电影，也是最后一部！弥补青春遗憾的机会只此一次！宫城良田、三井寿、流川枫、樱木花道和赤木刚宪终于站在全国大赛的赛场，代表湘北高中与日本最强球队山王工业展开激烈对决。面对强大的对手，湘北五人组没有退缩，在安西教练的指导下，他们抱着破釜沉舟的决心热血奋战，究竟湘北能否取得比赛的最终胜利？承载好几代人热血梦想的全国大赛即将开赛，巅峰之战，就此一决！27年的等待即将划上完美句点，是时候跟自己的青春道别了！ ', 'detail_href': 'https://www.baidu.com/s?wd=%E7%81%8C%E7%AF%AE%E9%AB%98%E6%89%8B+%E7%94%B5%E5%BD%B1&sa=fyb_movie_all_all&rsv_dl=fyb_movie_all_all'}
2023-07-03 17:45:04.029 | INFO     | __main__:analysis_list_page:90 - 详情页入队列： {'name': '  了不起的夜晚 ', 'type': ' 类型：剧情、惊悚 ', 'actor': ' 演员：范丞丞、蒋龙 ', 'introduction': ' 一心想要红的短视频“达人”豹子面临公司倒闭和支付赔偿金的双重困境,合伙人狗子和猴子也提出要散伙。三兄弟因一个特殊邀约来到惊悚片剧组进行偷拍,打算干好“最后一票”。不料,他们居然拍到剧组女主角发生意外的独家画面!三兄弟随机应变继续偷拍,却没想到一连串的惊声尖笑愈演愈烈 ', 'detail_href': 'https://www.baidu.com/s?wd=%E4%BA%86%E4%B8%8D%E8%B5%B7%E7%9A%84%E5%A4%9C%E6%99%9A+%E7%94%B5%E5%BD%B1&sa=fyb_movie_all_all&rsv_dl=fyb_movie_all_all'}
2023-07-03 17:45:04.029 | INFO     | __main__:analysis_list_page:90 - 详情页入队列： {'name': '  疯狂元素城 ', 'type': ' 类型：科幻、动画 ', 'actor': ' 演员：莉娅·刘易斯、马莫多·阿西 ', 'introduction': ' 皮克斯打造全新原创力作《疯狂元素城》,在这个水、火、土、气四大元素共同生活的奇妙城市里,将会上演怎样“水火相容”的惊喜邂逅。影片将于2023年6月16日全球献映,敬请期待。 ', 'detail_href': 'https://www.baidu.com/s?wd=%E7%96%AF%E7%8B%82%E5%85%83%E7%B4%A0%E5%9F%8E+%E7%94%B5%E5%BD%B1&sa=fyb_movie_all_all&rsv_dl=fyb_movie_all_all'}
2023-07-03 17:45:04.029 | INFO     | __main__:analysis_list_page:90 - 详情页入队列： {'name': '  再见，士兵 ', 'type': ' 类型：剧情 ', 'actor': ' 演员：金瀚、宁桓宇 ', 'introduction': ' 《再见，士兵》又名风中的迷彩，是由肖洋监制、胡小毅编剧执导，金瀚、宁桓宇、李春嫒、贺宇强等人主演的退役军人题材院线电影。该片围绕三名90后退役军人为了兑现曾在军队约定的承诺，相互救赎而重组乐队的故事。 ', 'detail_href': 'https://www.baidu.com/s?wd=%E5%86%8D%E8%A7%81%EF%BC%8C%E5%A3%AB%E5%85%B5+%E7%94%B5%E5%BD%B1&sa=fyb_movie_all_all&rsv_dl=fyb_movie_all_all'}
2023-07-03 17:45:04.030 | INFO     | __main__:analysis_list_page:90 - 详情页入队列： {'name': '  银河护卫队3 ', 'type': ' 类型：动作、科幻 ', 'actor': ' 演员：克里斯·帕拉特、佐伊·索尔达娜 ', 'introduction': ' 《银河护卫队3》是漫威影业出品、华特·迪士尼电影公司发行的科幻动作冒险电影，由克里斯·帕拉特、佐伊·索尔达娜主演，定于2023年5月5日上映。该片是银河护卫队系列的第三部电影，也是漫威电影宇宙的第五阶段的作品。 ', 'detail_href': 'https://www.baidu.com/s?wd=%E9%93%B6%E6%B2%B3%E6%8A%A4%E5%8D%AB%E9%98%9F3+%E7%94%B5%E5%BD%B1&sa=fyb_movie_all_all&rsv_dl=fyb_movie_all_all'}
2023-07-03 17:45:04.031 | INFO     | __main__:analysis_list_page:90 - 详情页入队列： {'name': '  复仇者联盟 ', 'type': ' 类型：剧情、科幻 ', 'actor': ' 演员：克里斯·海姆斯沃斯、本尼迪克特·康伯巴奇 ', 'introduction': '   ', 'detail_href': None}
2023-07-03 17:45:04.031 | INFO     | __main__:analysis_list_page:90 - 详情页入队列： {'name': '  ai创世者 ', 'type': ' 类型：剧情、惊悚 ', 'actor': ' 演员：约翰·大卫·华盛顿、嘉玛·陈 ', 'introduction': ' 人工智能投放的核弹大大损害了人类世界,开始被人类追杀的十年后,如今的生存状态非常残酷,而一名人类士兵发现了一个半人半AI的孩子,她被认为是赢得与AI的战争的关键 ', 'detail_href': 'https://www.baidu.com/s?wd=ai%E5%88%9B%E4%B8%96%E8%80%85+%E7%94%B5%E5%BD%B1&sa=fyb_movie_all_all&rsv_dl=fyb_movie_all_all'}
2023-07-03 17:45:04.032 | INFO     | __main__:analysis_list_page:90 - 详情页入队列： {'name': '  龙马精神 ', 'type': ' 类型：动作、剧情 ', 'actor': ' 演员：成龙、刘浩存 ', 'introduction': ' 《龙马精神》是由杨子编剧、执导，成龙、刘浩存、郭麒麟领衔主演，吴京、小沈阳主演的剧情喜剧动作电影。该片将聚焦一代龙虎武师的故事，成龙将与这匹骏马上演别样“父子情”。该片于2022年12月31日在中国大陆上映。 ', 'detail_href': 'https://www.baidu.com/s?wd=%E9%BE%99%E9%A9%AC%E7%B2%BE%E7%A5%9E+%E7%94%B5%E5%BD%B1&sa=fyb_movie_all_all&rsv_dl=fyb_movie_all_all'}
2023-07-03 17:45:04.032 | INFO     | __main__:analysis_list_page:90 - 详情页入队列： {'name': '  学爸 ', 'type': ' 类型：剧情 ', 'actor': ' 演员：黄渤、闫妮 ', 'introduction': ' 《学爸》是是由苏亮编剧并执导，黄渤、闫妮领衔主演，张钧甯、张子贤、单禹豪主演，万茜特别出演的电影。该片是黄渤“HB+U”新导演助力计划的一部作品。2023年8月18日，《学爸》定档上映。 ', 'detail_href': 'https://www.baidu.com/s?wd=%E5%AD%A6%E7%88%B8+%E7%94%B5%E5%BD%B1&sa=fyb_movie_all_all&rsv_dl=fyb_movie_all_all'}
2023-07-03 17:45:04.033 | INFO     | __main__:analysis_list_page:90 - 详情页入队列： {'name': '  犯罪都市3 ', 'type': ' 类型：动作、犯罪 ', 'actor': ' 演员：马东锡、李浚赫 ', 'introduction': ' 讲述了调职到广域搜查队的“马锡道”刑警和新的团队展开的犯罪扫荡作战故事,由第2部的李相龙导演执导,李浚赫饰演反派。 ', 'detail_href': 'https://www.baidu.com/s?wd=%E7%8A%AF%E7%BD%AA%E9%83%BD%E5%B8%823+%E7%94%B5%E5%BD%B1&sa=fyb_movie_all_all&rsv_dl=fyb_movie_all_all'}
2023-07-03 17:45:04.034 | INFO     | __main__:analysis_list_page:90 - 详情页入队列： {'name': '  你好，鸽先生 ', 'type': ' 类型：励志轻喜剧 ', 'actor': ' 演员：李卓霖、王一 ', 'introduction': ' 电影《你好，鸽先生》是刘泳辰执导，李卓霖，王一，崔宝月领衔主演，该片于2022年4月在大陆上映。电影《你好,鸽先生》主要讲述了赛鸽冠军高建鹏在备战新一届信鸽比赛时,突遇发小杨步成的挑战。高建鹏深知杨步成是一个从来没有养过鸽子、也没参加过鸽赛的小白,但他却表现的信心满满,随着比赛的临近,高建鹏发现,事情远远没有那么简单。首部养鸽，赛鸽题材的院线电影，由真人真事改编，养鸽人参加鸽赛的故事。 ', 'detail_href': 'https://www.baidu.com/s?wd=%E4%BD%A0%E5%A5%BD%EF%BC%8C%E9%B8%BD%E5%85%88%E7%94%9F+%E7%94%B5%E5%BD%B1&sa=fyb_movie_all_all&rsv_dl=fyb_movie_all_all'}
2023-07-03 17:45:04.034 | INFO     | __main__:analysis_list_page:90 - 详情页入队列： {'name': '  你好，恩师 ', 'type': ' 类型：爱国、教育 ', 'actor': ' 演员：李倩、保剑锋 ', 'introduction': ' 《你好，恩师》是由邓安东执导，李倩、保剑锋领衔主演，刘仪伟、李菁、郝劭文、王莎莎、王恩卓等主演的爱国教育励志题材电影，预计将于2023年“暑期档”登陆全国院线。该片根据真实的新闻故事改编而成，讲述了20世纪90年代初人民教师李丽华怀揣着“塑造道德人格“的育人核心，在凤栖山村支教的故事。 ', 'detail_href': 'https://www.baidu.com/s?wd=%E4%BD%A0%E5%A5%BD%EF%BC%8C%E6%81%A9%E5%B8%88+%E7%94%B5%E5%BD%B1&sa=fyb_movie_all_all&rsv_dl=fyb_movie_all_all'}
2023-07-03 17:45:04.035 | INFO     | __main__:analysis_list_page:90 - 详情页入队列： {'name': '  河神·诡水怪谈 ', 'type': ' 类型：动作、犯罪 ', 'actor': ' 演员：谢苗、衣云鹤 ', 'introduction': '   ', 'detail_href': None}
2023-07-03 17:45:04.036 | INFO     | __main__:analysis_list_page:90 - 详情页入队列： {'name': '  铃芽之旅 ', 'type': ' 类型：动画、爱情 ', 'actor': ' 演员：原菜乃华、松村北斗 ', 'introduction': ' 故事讲述生活在日本九州田舍的17岁少女铃芽遇见了为了寻找“门”而踏上旅途的青年。追随着青年的脚步,铃芽来到了山上一片废墟之地,在这里静静伫立着一扇古老的门,仿佛是坍塌中存留的唯一遗迹。铃芽仿佛被什么吸引了一般,将手伸向了那扇门 不久之后,日本各地的门开始一扇一扇地打开。据说,开着的门必须关上,否则灾祸将会从门的那一边降临于现世。 ', 'detail_href': 'https://www.baidu.com/s?wd=%E9%93%83%E8%8A%BD%E4%B9%8B%E6%97%85+%E7%94%B5%E5%BD%B1&sa=fyb_movie_all_all&rsv_dl=fyb_movie_all_all'}
2023-07-03 17:45:04.036 | INFO     | __main__:analysis_list_page:90 - 详情页入队列： {'name': '  人生大事 ', 'type': ' 类型：剧情 ', 'actor': ' 演员：朱一龙、王戈 ', 'introduction': ' 《人生大事》是由韩延监制，刘江江编剧并执导，朱一龙领衔主演，杨恩又特别介绍出演，王戈特邀主演，刘陆、罗京民主演的电影，该片于2022年6月24日上映。该片讲述刑满释放的殡葬师三哥在一次出殡中遇见了孤儿武小文，意外地改变了三哥对职业和生活态度的故事。 ', 'detail_href': 'https://www.baidu.com/s?wd=%E4%BA%BA%E7%94%9F%E5%A4%A7%E4%BA%8B+%E7%94%B5%E5%BD%B1&sa=fyb_movie_all_all&rsv_dl=fyb_movie_all_all'}
2023-07-03 17:45:04.037 | INFO     | __main__:analysis_list_page:90 - 详情页入队列： {'name': '  太棒了 ', 'type': ' 类型：喜剧 ', 'actor': ' 演员：玛琳娜·佛伊丝、乔纳森·科恩 ', 'introduction': ' 《太棒了》是由索菲·勒图讷尔执导，玛琳娜·佛伊丝、乔纳森·科恩主演的电影。入选法国权威电影杂志《电影手册》评选出的2020年度“十佳电影”。 ', 'detail_href': 'https://www.baidu.com/s?wd=%E5%A4%AA%E6%A3%92%E4%BA%86+%E7%94%B5%E5%BD%B1&sa=fyb_movie_all_all&rsv_dl=fyb_movie_all_all'}
2023-07-03 17:45:04.038 | INFO     | __main__:analysis_list_page:90 - 详情页入队列： {'name': '  疾速追杀4 ', 'type': ' 类型：动作、惊悚 ', 'actor': ' 演员：基努·里维斯、甄子丹 ', 'introduction': ' 《疾速追杀4》是由查德·斯塔尔斯基执导，基努·里维斯、泽山璃奈、甄子丹主演的动作惊悚片，将于2023年的3月24日在美国上映。 ', 'detail_href': 'https://www.baidu.com/s?wd=%E7%96%BE%E9%80%9F%E8%BF%BD%E6%9D%804+%E7%94%B5%E5%BD%B1&sa=fyb_movie_all_all&rsv_dl=fyb_movie_all_all'}
2023-07-03 17:45:04.038 | INFO     | __main__:analysis_list_page:90 - 详情页入队列： {'name': '  我爱你! ', 'type': ' 类型：剧情、爱情 ', 'actor': ' 演员：倪大红、惠英红 ', 'introduction': ' 赋闲在家的老头常为戒偶遇收废品的老太李慧如。他们的前半生经历遗憾,常为戒不懂表达情感,直到妻子病逝才追悔莫及。李慧如早年离开家乡,配偶离世后在城市中孤单飘摇。他们互相扶持,悸动悄然降临。 ', 'detail_href': 'https://www.baidu.com/s?wd=%E6%88%91%E7%88%B1%E4%BD%A0%21+%E7%94%B5%E5%BD%B1&sa=fyb_movie_all_all&rsv_dl=fyb_movie_all_all'}
2023-07-03 17:48:40.861 | INFO     | __main__:run:30 - 百度热搜电影爬取！！！！！！！！！！！！！！！！！！！！！！！！！！！！！！！！！！！！！！！！！！！！！！！！！
2023-07-03 17:48:41.027 | INFO     | __main__:analysis_list_page:90 - 详情页入队列： {'name': '  消失的她 ', 'type': ' 类型：犯罪 ', 'actor': ' 演员：朱一龙、倪妮 ', 'introduction': ' 何非(朱一龙 饰)的妻子李木子(文咏珊 饰)在结婚周年旅行中离奇消失,在何非苦寻无果之时妻子再次现身,何非却坚称眼前的陌生女人并非妻子,妻子拿出了身份证明进行自证,金牌律师陈麦(倪妮 饰)介入到这起离奇案件当中,更多的谜团慢慢浮现 ', 'detail_href': 'https://www.baidu.com/s?wd=%E6%B6%88%E5%A4%B1%E7%9A%84%E5%A5%B9+%E7%94%B5%E5%BD%B1&sa=fyb_movie_all_all&rsv_dl=fyb_movie_all_all'}
2023-07-03 17:48:41.028 | INFO     | __main__:analysis_list_page:90 - 详情页入队列： {'name': '  变形金刚 ', 'type': ' 类型：动作、科幻 ', 'actor': ' 演员：安东尼·拉莫斯、多米尼克·菲什巴克 ', 'introduction': ' Anthony Ramos扮演男主,是一位不完美且脆弱的英雄,他曾犯过错,渴望在擎天柱的帮助下来救赎自己。Dominique Fishback将扮演女主。一部设定在1994年的纽约和秘鲁,并介绍新的军团巨无霸、原始兽和龙头部队! ', 'detail_href': 'https://www.baidu.com/s?wd=%E5%8F%98%E5%BD%A2%E9%87%91%E5%88%9A+%E7%94%B5%E5%BD%B1&sa=fyb_movie_all_all&rsv_dl=fyb_movie_all_all'}
2023-07-03 17:48:41.028 | INFO     | __main__:analysis_list_page:90 - 详情页入队列： {'name': '  八角笼中 ', 'type': ' 类型：剧情、动作 ', 'actor': ' 演员：王宝强、陈永胜 ', 'introduction': ' 故事讲述了主人公倾注心血想把当地无人照料的孤儿培养成真正的格斗运动员。这让生活本没有出路的孩子们看到了一丝通向未来的曙光。然而,随着往日表演格斗的视频被爆出,这些“残忍、血腥”的画面刺激了不明真相的人们的神经。一夜之间,舆论开始发酵。主人公的生活、孤儿们的前途都陷入到人们以善良为名编织的大网中,让他们难以挣脱,重回泥沼,关于未来,他们的“出路”又将在哪 ', 'detail_href': 'https://www.baidu.com/s?wd=%E5%85%AB%E8%A7%92%E7%AC%BC%E4%B8%AD+%E7%94%B5%E5%BD%B1&sa=fyb_movie_all_all&rsv_dl=fyb_movie_all_all'}
2023-07-03 17:48:41.029 | INFO     | __main__:analysis_list_page:90 - 详情页入队列： {'name': '  速度与激情10 ', 'type': ' 类型：动作、惊悚 ', 'actor': ' 演员：范·迪塞尔、米歇尔·罗德里格兹 ', 'introduction': ' 《速度与激情10》是路易斯·莱特里尔执导的动作片，这部电影会为整个《速度与激情》系列画上句号。该片于2023年5月19日在北美上映。范·迪塞尔接受《Total Film》杂志采访透露，在拍摄《速度与激情9》之前就已经开始规划第10部大结局了。不过考虑为了回馈环球影业，也为了满足粉丝，第10部可能拆分为两部影片来完结。 ', 'detail_href': 'https://www.baidu.com/s?wd=%E9%80%9F%E5%BA%A6%E4%B8%8E%E6%BF%80%E6%83%8510+%E7%94%B5%E5%BD%B1&sa=fyb_movie_all_all&rsv_dl=fyb_movie_all_all'}
2023-07-03 17:48:41.030 | INFO     | __main__:analysis_list_page:90 - 详情页入队列： {'name': '  满江红 ', 'type': ' 类型：剧情、喜剧 ', 'actor': ' 演员：沈腾、易烊千玺 ', 'introduction': ' 《满江红》是由陈宇、张艺谋编剧的电影。 ', 'detail_href': 'https://www.baidu.com/s?wd=%E6%BB%A1%E6%B1%9F%E7%BA%A2+%E7%94%B5%E5%BD%B1&sa=fyb_movie_all_all&rsv_dl=fyb_movie_all_all'}
2023-07-03 17:48:41.030 | INFO     | __main__:analysis_list_page:90 - 详情页入队列： {'name': '  地狱尖兵 ', 'type': ' 类型：战争 ', 'actor': ' 演员：阿列克谢·克拉夫琴科、乔治·博洛涅夫 ', 'introduction': ' 在一名呼啸山庄战士的带领下,冲锋队面临着一项艰巨的任务:控制市中心的高楼大厦。坦克和装甲运兵车本应让任务变得轻松,但被大型迫击炮和无人机所掩盖的激烈抵抗却削弱了攻击的优势。战斗水平不断上升,远程炮兵发出了强有力的声音,任务一步一步地解决了。除了越来越少的人在靶场,当敌人决定摧毁高楼大厦时,任务似乎根本不可能完成。 ', 'detail_href': 'https://www.baidu.com/s?wd=%E5%9C%B0%E7%8B%B1%E5%B0%96%E5%85%B5+%E7%94%B5%E5%BD%B1&sa=fyb_movie_all_all&rsv_dl=fyb_movie_all_all'}
2023-07-03 17:48:41.031 | INFO     | __main__:analysis_list_page:90 - 详情页入队列： {'name': '  长空之王 ', 'type': ' 类型：剧情、动作 ', 'actor': ' 演员：王一博、胡军 ', 'introduction': ' 讲述了雷宇等飞行员经过严苛选拔正式成为了中国新一代试飞员，他们在队长张挺的带领下参与到尖端新式战斗机的试飞工作中，在不断挑战战机和自我极限的过程中成长的故事 ', 'detail_href': 'https://www.baidu.com/s?wd=%E9%95%BF%E7%A9%BA%E4%B9%8B%E7%8E%8B+%E7%94%B5%E5%BD%B1&sa=fyb_movie_all_all&rsv_dl=fyb_movie_all_all'}
2023-07-03 17:48:41.032 | INFO     | __main__:analysis_list_page:90 - 详情页入队列： {'name': '  毒舌律师 ', 'type': ' 类型：剧情 ', 'actor': ' 演员：黄子华、谢君豪 ', 'introduction': ' 一宗国际名模涉嫌虐待女儿的冤案，竟成了法律界、权贵与名媛之间的角力场!社会金字塔顶层的钟氏家族，如何用尽权力与资源去自保？以林凉水(黄子华 饰)为代表的律师们又如何在重重困难下伸张正义？ ', 'detail_href': 'https://www.baidu.com/s?wd=%E6%AF%92%E8%88%8C%E5%BE%8B%E5%B8%88+%E7%94%B5%E5%BD%B1&sa=fyb_movie_all_all&rsv_dl=fyb_movie_all_all'}
2023-07-03 17:48:41.032 | INFO     | __main__:analysis_list_page:90 - 详情页入队列： {'name': '  人生路不熟 ', 'type': ' 类型：剧情 ', 'actor': ' 演员：乔杉、范丞丞 ', 'introduction': ' 一家四口意外开启一段有笑有泪的卡车之旅!卡车司机周东海(乔杉 饰)非常不看好准女婿万一帆(范丞丞 饰),为讨未来岳父欢心,万一帆越努力越“翻车”,准岳母霍梅梅(马丽 饰)和女儿周微雨(张婧仪 饰)也为调解这对冤家费尽心思。倒霉不断的万一帆,能否在旅途中通过未来岳父周东海的种种考验 ', 'detail_href': 'https://www.baidu.com/s?wd=%E4%BA%BA%E7%94%9F%E8%B7%AF%E4%B8%8D%E7%86%9F+%E7%94%B5%E5%BD%B1&sa=fyb_movie_all_all&rsv_dl=fyb_movie_all_all'}
2023-07-03 17:48:41.033 | INFO     | __main__:analysis_list_page:90 - 详情页入队列： {'name': '  闪电侠 ', 'type': ' 类型：剧情、动作 ', 'actor': ' 演员：埃兹拉·米勒、朗·里维斯顿 ', 'introduction': ' 超级快的英雄闪电侠穿越到一个时间轴，在那里地球处于混乱之中，它的英雄们迷失和分散。把事情做对是他的责任。 ', 'detail_href': 'https://www.baidu.com/s?wd=%E9%97%AA%E7%94%B5%E4%BE%A0+%E7%94%B5%E5%BD%B1&sa=fyb_movie_all_all&rsv_dl=fyb_movie_all_all'}
2023-07-03 17:48:41.033 | INFO     | __main__:analysis_list_page:90 - 详情页入队列： {'name': '  流浪地球2 ', 'type': ' 类型：科幻 ', 'actor': ' 演员：吴京、刘德华 ', 'introduction': ' 《流浪地球2》是由郭帆执导，刘慈欣监制，吴京、刘德华等主演的科幻灾难电影，该片于2023年1月22日在中国大陆上映。该片根据刘慈欣同名小说改编，是《流浪地球》的前传，以提出计划将建造1万座行星发动机的时代为背景，讲述了“太阳危机”即将来袭，世界危在旦夕，人类文明的延续将面临巨大挑战的故事。 ', 'detail_href': 'https://www.baidu.com/s?wd=%E6%B5%81%E6%B5%AA%E5%9C%B0%E7%90%832+%E7%94%B5%E5%BD%B1&sa=fyb_movie_all_all&rsv_dl=fyb_movie_all_all'}
2023-07-03 17:48:41.034 | INFO     | __main__:analysis_list_page:90 - 详情页入队列： {'name': '  蝙蝠侠 ', 'type': ' 类型：剧情、动作 ', 'actor': ' 演员：罗伯特·帕丁森、佐伊·克拉维兹 ', 'introduction': ' 《新蝙蝠侠》由马特·里夫斯执导，罗伯特·帕丁森饰蝙蝠侠，佐伊·克拉维兹饰猫女，保罗·达诺饰谜语人，杰弗里·怀特饰戈登警长，安迪·瑟金斯饰管家阿尔弗雷德，科林·法瑞尔饰企鹅人，约翰·特托罗饰哥谭黑帮头目卡迈因·法尔科内，彼得·萨斯加德饰一名哥谭地区检察官。 ', 'detail_href': 'https://www.baidu.com/s?wd=%E8%9D%99%E8%9D%A0%E4%BE%A0+%E7%94%B5%E5%BD%B1&sa=fyb_movie_all_all&rsv_dl=fyb_movie_all_all'}
2023-07-03 17:48:41.047 | INFO     | __main__:analysis_list_page:90 - 详情页入队列： {'name': '  灌篮高手 ', 'type': ' 类型：动画 ', 'actor': ' 演员：宫原直树、北田胜彦 ', 'introduction': ' 「The First Slam Dunk」是《灌篮高手》首部大电影，也是最后一部！弥补青春遗憾的机会只此一次！宫城良田、三井寿、流川枫、樱木花道和赤木刚宪终于站在全国大赛的赛场，代表湘北高中与日本最强球队山王工业展开激烈对决。面对强大的对手，湘北五人组没有退缩，在安西教练的指导下，他们抱着破釜沉舟的决心热血奋战，究竟湘北能否取得比赛的最终胜利？承载好几代人热血梦想的全国大赛即将开赛，巅峰之战，就此一决！27年的等待即将划上完美句点，是时候跟自己的青春道别了！ ', 'detail_href': 'https://www.baidu.com/s?wd=%E7%81%8C%E7%AF%AE%E9%AB%98%E6%89%8B+%E7%94%B5%E5%BD%B1&sa=fyb_movie_all_all&rsv_dl=fyb_movie_all_all'}
2023-07-03 17:48:41.048 | INFO     | __main__:analysis_list_page:90 - 详情页入队列： {'name': '  了不起的夜晚 ', 'type': ' 类型：剧情、惊悚 ', 'actor': ' 演员：范丞丞、蒋龙 ', 'introduction': ' 一心想要红的短视频“达人”豹子面临公司倒闭和支付赔偿金的双重困境,合伙人狗子和猴子也提出要散伙。三兄弟因一个特殊邀约来到惊悚片剧组进行偷拍,打算干好“最后一票”。不料,他们居然拍到剧组女主角发生意外的独家画面!三兄弟随机应变继续偷拍,却没想到一连串的惊声尖笑愈演愈烈 ', 'detail_href': 'https://www.baidu.com/s?wd=%E4%BA%86%E4%B8%8D%E8%B5%B7%E7%9A%84%E5%A4%9C%E6%99%9A+%E7%94%B5%E5%BD%B1&sa=fyb_movie_all_all&rsv_dl=fyb_movie_all_all'}
2023-07-03 17:48:41.048 | INFO     | __main__:analysis_list_page:90 - 详情页入队列： {'name': '  疯狂元素城 ', 'type': ' 类型：科幻、动画 ', 'actor': ' 演员：莉娅·刘易斯、马莫多·阿西 ', 'introduction': ' 皮克斯打造全新原创力作《疯狂元素城》,在这个水、火、土、气四大元素共同生活的奇妙城市里,将会上演怎样“水火相容”的惊喜邂逅。影片将于2023年6月16日全球献映,敬请期待。 ', 'detail_href': 'https://www.baidu.com/s?wd=%E7%96%AF%E7%8B%82%E5%85%83%E7%B4%A0%E5%9F%8E+%E7%94%B5%E5%BD%B1&sa=fyb_movie_all_all&rsv_dl=fyb_movie_all_all'}
2023-07-03 17:48:41.049 | INFO     | __main__:analysis_list_page:90 - 详情页入队列： {'name': '  再见，士兵 ', 'type': ' 类型：剧情 ', 'actor': ' 演员：金瀚、宁桓宇 ', 'introduction': ' 《再见，士兵》又名风中的迷彩，是由肖洋监制、胡小毅编剧执导，金瀚、宁桓宇、李春嫒、贺宇强等人主演的退役军人题材院线电影。该片围绕三名90后退役军人为了兑现曾在军队约定的承诺，相互救赎而重组乐队的故事。 ', 'detail_href': 'https://www.baidu.com/s?wd=%E5%86%8D%E8%A7%81%EF%BC%8C%E5%A3%AB%E5%85%B5+%E7%94%B5%E5%BD%B1&sa=fyb_movie_all_all&rsv_dl=fyb_movie_all_all'}
2023-07-03 17:48:41.049 | INFO     | __main__:analysis_list_page:90 - 详情页入队列： {'name': '  银河护卫队3 ', 'type': ' 类型：动作、科幻 ', 'actor': ' 演员：克里斯·帕拉特、佐伊·索尔达娜 ', 'introduction': ' 《银河护卫队3》是漫威影业出品、华特·迪士尼电影公司发行的科幻动作冒险电影，由克里斯·帕拉特、佐伊·索尔达娜主演，定于2023年5月5日上映。该片是银河护卫队系列的第三部电影，也是漫威电影宇宙的第五阶段的作品。 ', 'detail_href': 'https://www.baidu.com/s?wd=%E9%93%B6%E6%B2%B3%E6%8A%A4%E5%8D%AB%E9%98%9F3+%E7%94%B5%E5%BD%B1&sa=fyb_movie_all_all&rsv_dl=fyb_movie_all_all'}
2023-07-03 17:48:41.051 | INFO     | __main__:analysis_list_page:90 - 详情页入队列： {'name': '  复仇者联盟 ', 'type': ' 类型：剧情、科幻 ', 'actor': ' 演员：克里斯·海姆斯沃斯、本尼迪克特·康伯巴奇 ', 'introduction': '   ', 'detail_href': None}
2023-07-03 17:48:41.062 | INFO     | __main__:analysis_list_page:90 - 详情页入队列： {'name': '  ai创世者 ', 'type': ' 类型：剧情、惊悚 ', 'actor': ' 演员：约翰·大卫·华盛顿、嘉玛·陈 ', 'introduction': ' 人工智能投放的核弹大大损害了人类世界,开始被人类追杀的十年后,如今的生存状态非常残酷,而一名人类士兵发现了一个半人半AI的孩子,她被认为是赢得与AI的战争的关键 ', 'detail_href': 'https://www.baidu.com/s?wd=ai%E5%88%9B%E4%B8%96%E8%80%85+%E7%94%B5%E5%BD%B1&sa=fyb_movie_all_all&rsv_dl=fyb_movie_all_all'}
2023-07-03 17:48:41.062 | INFO     | __main__:analysis_list_page:90 - 详情页入队列： {'name': '  龙马精神 ', 'type': ' 类型：动作、剧情 ', 'actor': ' 演员：成龙、刘浩存 ', 'introduction': ' 《龙马精神》是由杨子编剧、执导，成龙、刘浩存、郭麒麟领衔主演，吴京、小沈阳主演的剧情喜剧动作电影。该片将聚焦一代龙虎武师的故事，成龙将与这匹骏马上演别样“父子情”。该片于2022年12月31日在中国大陆上映。 ', 'detail_href': 'https://www.baidu.com/s?wd=%E9%BE%99%E9%A9%AC%E7%B2%BE%E7%A5%9E+%E7%94%B5%E5%BD%B1&sa=fyb_movie_all_all&rsv_dl=fyb_movie_all_all'}
2023-07-03 17:48:41.063 | INFO     | __main__:analysis_list_page:90 - 详情页入队列： {'name': '  学爸 ', 'type': ' 类型：剧情 ', 'actor': ' 演员：黄渤、闫妮 ', 'introduction': ' 《学爸》是是由苏亮编剧并执导，黄渤、闫妮领衔主演，张钧甯、张子贤、单禹豪主演，万茜特别出演的电影。该片是黄渤“HB+U”新导演助力计划的一部作品。2023年8月18日，《学爸》定档上映。 ', 'detail_href': 'https://www.baidu.com/s?wd=%E5%AD%A6%E7%88%B8+%E7%94%B5%E5%BD%B1&sa=fyb_movie_all_all&rsv_dl=fyb_movie_all_all'}
2023-07-03 17:48:41.063 | INFO     | __main__:analysis_list_page:90 - 详情页入队列： {'name': '  犯罪都市3 ', 'type': ' 类型：动作、犯罪 ', 'actor': ' 演员：马东锡、李浚赫 ', 'introduction': ' 讲述了调职到广域搜查队的“马锡道”刑警和新的团队展开的犯罪扫荡作战故事,由第2部的李相龙导演执导,李浚赫饰演反派。 ', 'detail_href': 'https://www.baidu.com/s?wd=%E7%8A%AF%E7%BD%AA%E9%83%BD%E5%B8%823+%E7%94%B5%E5%BD%B1&sa=fyb_movie_all_all&rsv_dl=fyb_movie_all_all'}
2023-07-03 17:48:41.064 | INFO     | __main__:analysis_list_page:90 - 详情页入队列： {'name': '  你好，鸽先生 ', 'type': ' 类型：励志轻喜剧 ', 'actor': ' 演员：李卓霖、王一 ', 'introduction': ' 电影《你好，鸽先生》是刘泳辰执导，李卓霖，王一，崔宝月领衔主演，该片于2022年4月在大陆上映。电影《你好,鸽先生》主要讲述了赛鸽冠军高建鹏在备战新一届信鸽比赛时,突遇发小杨步成的挑战。高建鹏深知杨步成是一个从来没有养过鸽子、也没参加过鸽赛的小白,但他却表现的信心满满,随着比赛的临近,高建鹏发现,事情远远没有那么简单。首部养鸽，赛鸽题材的院线电影，由真人真事改编，养鸽人参加鸽赛的故事。 ', 'detail_href': 'https://www.baidu.com/s?wd=%E4%BD%A0%E5%A5%BD%EF%BC%8C%E9%B8%BD%E5%85%88%E7%94%9F+%E7%94%B5%E5%BD%B1&sa=fyb_movie_all_all&rsv_dl=fyb_movie_all_all'}
2023-07-03 17:48:41.064 | INFO     | __main__:analysis_list_page:90 - 详情页入队列： {'name': '  你好，恩师 ', 'type': ' 类型：爱国、教育 ', 'actor': ' 演员：李倩、保剑锋 ', 'introduction': ' 《你好，恩师》是由邓安东执导，李倩、保剑锋领衔主演，刘仪伟、李菁、郝劭文、王莎莎、王恩卓等主演的爱国教育励志题材电影，预计将于2023年“暑期档”登陆全国院线。该片根据真实的新闻故事改编而成，讲述了20世纪90年代初人民教师李丽华怀揣着“塑造道德人格“的育人核心，在凤栖山村支教的故事。 ', 'detail_href': 'https://www.baidu.com/s?wd=%E4%BD%A0%E5%A5%BD%EF%BC%8C%E6%81%A9%E5%B8%88+%E7%94%B5%E5%BD%B1&sa=fyb_movie_all_all&rsv_dl=fyb_movie_all_all'}
2023-07-03 17:48:41.077 | INFO     | __main__:analysis_list_page:90 - 详情页入队列： {'name': '  河神·诡水怪谈 ', 'type': ' 类型：动作、犯罪 ', 'actor': ' 演员：谢苗、衣云鹤 ', 'introduction': '   ', 'detail_href': None}
2023-07-03 17:48:41.078 | INFO     | __main__:analysis_list_page:90 - 详情页入队列： {'name': '  铃芽之旅 ', 'type': ' 类型：动画、爱情 ', 'actor': ' 演员：原菜乃华、松村北斗 ', 'introduction': ' 故事讲述生活在日本九州田舍的17岁少女铃芽遇见了为了寻找“门”而踏上旅途的青年。追随着青年的脚步,铃芽来到了山上一片废墟之地,在这里静静伫立着一扇古老的门,仿佛是坍塌中存留的唯一遗迹。铃芽仿佛被什么吸引了一般,将手伸向了那扇门 不久之后,日本各地的门开始一扇一扇地打开。据说,开着的门必须关上,否则灾祸将会从门的那一边降临于现世。 ', 'detail_href': 'https://www.baidu.com/s?wd=%E9%93%83%E8%8A%BD%E4%B9%8B%E6%97%85+%E7%94%B5%E5%BD%B1&sa=fyb_movie_all_all&rsv_dl=fyb_movie_all_all'}
2023-07-03 17:48:41.078 | INFO     | __main__:analysis_list_page:90 - 详情页入队列： {'name': '  人生大事 ', 'type': ' 类型：剧情 ', 'actor': ' 演员：朱一龙、王戈 ', 'introduction': ' 《人生大事》是由韩延监制，刘江江编剧并执导，朱一龙领衔主演，杨恩又特别介绍出演，王戈特邀主演，刘陆、罗京民主演的电影，该片于2022年6月24日上映。该片讲述刑满释放的殡葬师三哥在一次出殡中遇见了孤儿武小文，意外地改变了三哥对职业和生活态度的故事。 ', 'detail_href': 'https://www.baidu.com/s?wd=%E4%BA%BA%E7%94%9F%E5%A4%A7%E4%BA%8B+%E7%94%B5%E5%BD%B1&sa=fyb_movie_all_all&rsv_dl=fyb_movie_all_all'}
2023-07-03 17:48:41.079 | INFO     | __main__:analysis_list_page:90 - 详情页入队列： {'name': '  太棒了 ', 'type': ' 类型：喜剧 ', 'actor': ' 演员：玛琳娜·佛伊丝、乔纳森·科恩 ', 'introduction': ' 《太棒了》是由索菲·勒图讷尔执导，玛琳娜·佛伊丝、乔纳森·科恩主演的电影。入选法国权威电影杂志《电影手册》评选出的2020年度“十佳电影”。 ', 'detail_href': 'https://www.baidu.com/s?wd=%E5%A4%AA%E6%A3%92%E4%BA%86+%E7%94%B5%E5%BD%B1&sa=fyb_movie_all_all&rsv_dl=fyb_movie_all_all'}
2023-07-03 17:48:41.080 | INFO     | __main__:analysis_list_page:90 - 详情页入队列： {'name': '  疾速追杀4 ', 'type': ' 类型：动作、惊悚 ', 'actor': ' 演员：基努·里维斯、甄子丹 ', 'introduction': ' 《疾速追杀4》是由查德·斯塔尔斯基执导，基努·里维斯、泽山璃奈、甄子丹主演的动作惊悚片，将于2023年的3月24日在美国上映。 ', 'detail_href': 'https://www.baidu.com/s?wd=%E7%96%BE%E9%80%9F%E8%BF%BD%E6%9D%804+%E7%94%B5%E5%BD%B1&sa=fyb_movie_all_all&rsv_dl=fyb_movie_all_all'}
2023-07-03 17:48:41.080 | INFO     | __main__:analysis_list_page:90 - 详情页入队列： {'name': '  我爱你! ', 'type': ' 类型：剧情、爱情 ', 'actor': ' 演员：倪大红、惠英红 ', 'introduction': ' 赋闲在家的老头常为戒偶遇收废品的老太李慧如。他们的前半生经历遗憾,常为戒不懂表达情感,直到妻子病逝才追悔莫及。李慧如早年离开家乡,配偶离世后在城市中孤单飘摇。他们互相扶持,悸动悄然降临。 ', 'detail_href': 'https://www.baidu.com/s?wd=%E6%88%91%E7%88%B1%E4%BD%A0%21+%E7%94%B5%E5%BD%B1&sa=fyb_movie_all_all&rsv_dl=fyb_movie_all_all'}
2023-07-03 17:48:42.284 | ERROR    | SpiderClass:inner:83 - Traceback (most recent call last):
  File "E:\Simlpe_spider\SpiderClass.py", line 53, in inner
    response = function(*args, **kwargs)
  File "E:\Simlpe_spider\SpiderClass.py", line 210, in request_api_back_queue
    api_response = session.get(request_url, headers=headers, timeout=15)
  File "C:\Python37\lib\site-packages\requests\sessions.py", line 602, in get
    return self.request("GET", url, **kwargs)
  File "C:\Python37\lib\site-packages\requests\sessions.py", line 575, in request
    prep = self.prepare_request(req)
  File "C:\Python37\lib\site-packages\requests\sessions.py", line 498, in prepare_request
    hooks=merge_hooks(request.hooks, self.hooks),
  File "C:\Python37\lib\site-packages\requests\models.py", line 368, in prepare
    self.prepare_url(url, params)
  File "C:\Python37\lib\site-packages\requests\models.py", line 440, in prepare_url
    f"Invalid URL {url!r}: No scheme supplied. "
requests.exceptions.MissingSchema: Invalid URL 'None': No scheme supplied. Perhaps you meant https://None?

2023-07-03 17:48:42.286 | ERROR    | SpiderClass:inner:84 - 未知异常请查看堆栈信息
2023-07-03 17:48:42.286 | ERROR    | __main__:analysis_details_page:59 - 请求失败： None
2023-07-03 17:48:44.613 | ERROR    | SpiderClass:inner:83 - Traceback (most recent call last):
  File "E:\Simlpe_spider\SpiderClass.py", line 53, in inner
    response = function(*args, **kwargs)
  File "E:\Simlpe_spider\SpiderClass.py", line 210, in request_api_back_queue
    api_response = session.get(request_url, headers=headers, timeout=15)
  File "C:\Python37\lib\site-packages\requests\sessions.py", line 602, in get
    return self.request("GET", url, **kwargs)
  File "C:\Python37\lib\site-packages\requests\sessions.py", line 575, in request
    prep = self.prepare_request(req)
  File "C:\Python37\lib\site-packages\requests\sessions.py", line 498, in prepare_request
    hooks=merge_hooks(request.hooks, self.hooks),
  File "C:\Python37\lib\site-packages\requests\models.py", line 368, in prepare
    self.prepare_url(url, params)
  File "C:\Python37\lib\site-packages\requests\models.py", line 440, in prepare_url
    f"Invalid URL {url!r}: No scheme supplied. "
requests.exceptions.MissingSchema: Invalid URL 'None': No scheme supplied. Perhaps you meant https://None?

2023-07-03 17:48:44.613 | ERROR    | SpiderClass:inner:84 - 未知异常请查看堆栈信息
2023-07-03 17:48:44.613 | ERROR    | __main__:analysis_details_page:59 - 请求失败： None
